0.0179816

0
0
0
0
0
0
0
0
0
0
0
0
0
0.00030525
0
0.000367107
0
0.000407897
0.000122369
0.000407897
0.000163159
0.000285528
0.000285528
0.000203948
0
0.000203948
0.000244738
8.15794e-05
0
0.000448687
0.000244738
0.000285528
0.000326318
0
0.000122369
0
0
0
0
0
0.000666333
0.000367107
0.000693425
0
0
0
8.15794e-05
0.000775004
0.000122369
0
0
0.000203948
0.000571056
0.000489476
8.15794e-05
0.000530266
0.000203948
0.000122369
0.000367107
0.000163159
0.000163159
0.000652635
0.000367107
0.000122369
0
0
8.15794e-05
0
0.000326318
0.000285528
0.000448687
0
0.000448687
8.15794e-05
4.07897e-05
0.000203948
0.000208229
0.000291521
0.000285528
0.000652635
0.000815794
0
0
0.000163159
0.000122369
0.000652635
0.000897373
0
0.000367107
0
0.000897373
4.07897e-05
0
0.000734214
0.000163159
0.000326318
0.000652635
0.000163159
0
0
0.000163159
0.000244738
0.000122369
0.000693425
0.000326318
0.000326318
0
0.000163159
0.000163159
4.07897e-05
0.000122369
0.000530266
0.000407897
0
0.000203948
0
0.000244738
0
0.000367107
8.15794e-05
0.000122369
0.000407897
0.000163159
0.000163159
0.000244738
0
0.000244738
0.000203948
0
0.000367107
0.000244738
0.000163159
0.000122369
0.000163159
4.07897e-05
0.000448687
4.07897e-05
0.000163159
8.15794e-05
0.000122369
0
0.000367107
0
0.000367107
0.000367107
0.000124938
8.15794e-05
0
0.000815794
0.000122369
4.07897e-05
0.000326318
0.000407897
0.000244738
8.15794e-05
0.000611845
0.000163159
0.000203948
0.000122369
8.15794e-05
0.000652635
0
0.000163159
0.000203948
8.15794e-05
0.000244738
0.000530266
0.000448687
0.000652635
0
0.000122369
0.000244738
0.000203948
0
4.07897e-05
0
0
0.000367107
0.000326318
0.000122369
0.000775004
0.000163159
0.000897373
0
0.000326318
8.15794e-05
0.000448687
0.000938163
0.000489476
0.000489476
0.000285528
0.000734214
0.000285528
0
0
0.000163159
0.000583042
0.000163159
0
0.000530266
0.000333167
0.000489476
0.000203948
0.000489476
0
0.000122369
0.000203948
0.00134606
0.000448687
4.07897e-05
0
0.000367107
0.000163159
0.000122369
0.000122369
4.07897e-05
0.000326318
0
0.000122369
0
0.000163159
0
0
0
0.000978953
0.000326318
0.000244738
0
0
0.000407897
8.15794e-05
0.000326318
0.000326318
0
0.000407897
0
4.07897e-05
0
0.000285528
0
0.000897373
0.000122369
0.000163159
0.000326318
0
0.000734214
0.000978953
0
0.000285528
0.000122369
0.000163159
0.000122369
0
0.000203948
4.07897e-05
0
0.000652635
0.000122369
0.000611845
0.000530266
0.000448687
0.000203948
0.000122369
4.07897e-05
0
0
0
0.000326318
0.000163159
0.000203948
0
0
0.000285528
8.15794e-05
0.000122369
0
0.000367107
0.000122369
0
0
0.000163159
0.000203948
0
4.07897e-05
0
0.000367107
8.15794e-05
8.15794e-05
0.000489476
0.000244738
0
8.15794e-05
0
0.000244738
0.000203948
0
0
0.000244738
0.000122369
0.000489476
4.07897e-05
0.000203948
0
0.000244738
0.000203948
0.000326318
0.000163159
0.000285528
0.000163159
0.000203948
4.07897e-05
0
8.15794e-05
0.000489476
0.000407897
0
0.000244738
0.000489476
0.000367107
0.000530266
0
0.000652635
0.000285528
0.000122369
4.07897e-05
0
4.07897e-05
0
0
0.000407897
0.000448687
0.000244738
0
0.000244738
0.000978953
0.000285528
0.000611845
0.000203948
0
0
0
0.000407897
0.000163159
0
0
0.000203948
0.000166583
0
0.000122369
4.07897e-05
0.000530266
8.15794e-05
0
0.000163159
8.15794e-05
0.000367107
0.000530266
0.000448687
0
0
8.15794e-05
0.000244738
0.000203948
0.000326318
0.000244738
0.000652635
0.000448687
0.000367107
4.07897e-05
0.000203948
0.000530266
0.000122369
0.000285528
0.000122369
0.000203948
0.000163159
0
0.000163159
0.000367107
0.000367107
0
0.000530266
0.000448687
0.000203948
0
4.07897e-05
0
0.000530266
0
4.07897e-05
0.000203948
0.000407897
0.000611845
4.07897e-05
0.000407897
0
8.15794e-05
0
0.000285528
0.000652635
0.000203948
0.000163159
0.000244738
0.000407897
0
0.000326318
8.15794e-05
8.15794e-05
0.000407897
0.000203948
0
0.000326318
0.000122369
0.000326318
0.000244738
0.000203948
0.000122369
0.000163159
0.000326318
0.000244738
0
0.000203948
0
0
0
0.000122369
0
0.000367107
0.000122369
0.000203948
0.000163159
0.000163159
0
0
0.000611845
0.000203948
0.000122369
0.000203948
0.000734214
0.000203948
8.15794e-05
0
0.000489476
0.000285528
0.000122369
0.000489476
0.000530266
0.000122369
0.000203948
0.000244738
0.000244738
0.000367107
0.000163159
0.000652635
0
0.000367107
8.15794e-05
0.000244738
0.000367107
0.000652635
0
0.000244738
0
8.15794e-05
0.000530266
0.000203948
0
0.000285528
0
0
0
8.15794e-05
0
0
0
0
0
0.000285528
0
0.000163159
0.000285528
0
0.000285528
0.0011829
0.000367107
0.000285528
0.000530266
0.000163159
0
0
4.07897e-05
8.15794e-05
0.000326318
0.000122369
0.000203948
0.000448687
0.000244738
0
0.000326318
0
0.000652635
0.00101974
0.000244738
0.000407897
0.000693425
0.000122369
0.000203948
0.000122369
0.000122369
0.000244738
0
0
0
0.000163159
0
0.000326318
8.15794e-05
4.07897e-05
0.000203948
0.000244738
0
0
4.07897e-05
0.000122369
0.000166583
0.000489476
0
4.07897e-05
0.000163159
0
0.000326318
0.000163159
0.000163159
8.15794e-05
0.000367107
0.000326318
0.000611845
0.000367107
0.000856583
0.000285528
0.000285528
0.000326318
0.000203948
0
0.000489476
0
0
0.000203948
0.000407897
0
0
4.16458e-05
4.07897e-05
0.000611845
0.000122369
0
0
0
0.000122369
0
0.000611845
0
8.15794e-05
0
0.000285528
0.000203948
0.000367107
0.000407897
0.000203948
0
4.07897e-05
0.000489476
0.000203948
0.000163159
0.000407897
0.000122369
0
0.000285528
0.000326318
0.000326318
0.000326318
0.000163159
0
0.000244738
0.000203948
0
0.000489476
0.000448687
0.000489476
4.07897e-05
8.32917e-05
0
4.07897e-05
0.000367107
4.07897e-05
0.000122369
0
0
0.000163159
0.000285528
0
4.07897e-05
0.000163159
0.000122369
0.000407897
0.000163159
0.000367107
0.000530266
0.000244738
0.000530266
0.000775004
0
8.15794e-05
0
0
0.000163159
8.15794e-05
0
0
0.000203948
0.000407897
8.15794e-05
0.000571056
0.000407897
0.000122369
0.000367107
0
0.000285528
0.000530266
0.000163159
0.000244738
4.07897e-05
0.000326318
0.000571056
0.000203948
0
0.000244738
0.000244738
0.000693425
0.000326318
0.000285528
0
4.07897e-05
0.000407897
0
0.000333167
0.000611845
0.000285528
0.000244738
0
0.000530266
0.000122369
0.000203948
0
0
0.000489476
4.07897e-05
0
0.000244738
0.000285528
0
0.000244738
8.15794e-05
0.000326318
0.000163159
0.000203948
0.000448687
0.000367107
0.000938163
0.000571056
0.000285528
0.000448687
0.000122369
0.000203948
0
0.000326318
0.000448687
0.000611845
0.00114211
0
0.000285528
0.000856583
0.000244738
0
0.000203948
8.15794e-05
4.07897e-05
0.000326318
0.000367107
4.07897e-05
0
0.000256312
0.000237417
0.000373084
0.000169584
0.000169584
0
0.000169584
0.000135667
0.000407
6.78334e-05
0.000237417
0.000135667
0.000339167
0
0.000237417
0.000678334
0.000169584
3.39167e-05
0.0002035
0.0002035
0
0.00030525
0.000339167
0
0
3.39167e-05
3.39167e-05
0.000542667
0.000169584
0
3.39167e-05
0
0.0002035
0.000169584
0.000339167
0
0.000407
0.000271334
0.0002035
0
0.0002035
0.000135667
0.000169584
0.000407
6.78334e-05
0.000135667
0.000271334
0.000237417
0.000372629
0.000237417
0.000135667
0.000135667
0.00050875
0
0
0.00010175
0.00030525
0
0.000644417
0.000440917
0
0
0.000169584
0
0
0.000339167
0
3.39167e-05
3.39167e-05
0.00010175
0
0.000678334
0.000339167
0
0.000135667
0.000135667
0.00010175
0
0
0
0.000271334
0.0002035
0
0.0002035
0
0
0
0.000271334
0.000339167
6.78334e-05
0
0
0.00050875
0
0.000237417
0
0.000135667
0
0.00050875
6.78334e-05
0.0002035
0.00010175
0
0
0
0.000271334
0
0.000237417
0.000712251
0
0.0002035
0.000407
0.00010175
0.000169584
0.00010175
0.000169584
0.00010175
0
6.78334e-05
0
0
0.0002035
0
0.00030525
3.39167e-05
0.000271334
0.00010175
0.00010175
0.000169584
0.00030525
0.000407
0.000271334
0.000407
0.000610501
0.000271334
0.00030525
0
0
0.000135667
0
0
0.000237417
0.000271334
0.00030525
0
0.000474834
0.000407
0.00030525
0.00010175
0.0002035
0.000135667
0.00010175
0.0002035
0
0
0
0.000169584
0
0.0002035
0.00010175
0
0.000576584
0.000746167
0.00030525
3.39167e-05
6.78334e-05
0
0.000237417
0.000271334
0.0002035
0.0002035
0.000678334
0
0.000712251
0.00030525
0.000169584
0.000576584
0
0.000339167
0
0.000610501
0.000407
0.000135667
0.000373084
0.000576584
0.00115317
0.000440917
0
0.000135667
0.000339167
0.00030525
0.0002035
0.000169584
0
0
0
0.000135667
6.78334e-05
0.000169584
0
0
0
0.000814001
0
0.00030525
0
0.0002035
0.000271334
0.00030525
0.000780084
0.000169584
3.39167e-05
0
0.00030525
0.00010175
0.000610501
0.000237417
0
0.0002035
0.00010175
0.000576584
0.000237417
0
0
0.00030525
0
0
0
0.0002035
0.000135667
0.000169584
0
0
0.0002035
0.000339167
0.000237417
0.000135501
0.000339167
0.00030525
0.00010175
0
0
0.000474834
0.000135667
0.00050875
0.000373084
0.000271334
0.000135667
0
0
0.000135667
0.000135667
0.00010175
0.000135667
0.000712251
0.00010175
0
0.000237417
0.000271334
0.000135667
0.000746167
0
0
6.78334e-05
0.0002035
0.000271334
0.000237417
0.0002035
0.000169584
0.00030525
0
0.000407
0
0
0
0.000373084
0.000239169
0.00010175
0
0.0002035
3.39167e-05
0.000339167
0.000339167
0.0002035
0.0002035
0.00030525
0.000169584
0.000407
6.78334e-05
0
0.000237417
0.00010175
0.000610501
0
0
0.000135667
0
0.000237417
0
0.000169584
0.000373084
0
0.000474834
0
0
0.000135667
3.39167e-05
0.00050875
0
0.000407
0.000135667
0.000338753
0.000678334
0
0.000169584
0
3.39167e-05
0.000271334
0.000373084
6.78334e-05
0.000542667
0.000339167
0.000237417
0.0002035
0.000101626
0.000610501
0.000169584
3.39167e-05
0.000407
0.000440917
0
0
0
0
0.000339167
0.000440917
0.000610501
0.000271334
0
0.000271334
0.000440917
0
3.39167e-05
0.000169584
0
0.000271334
0.00030525
0.000610501
0.000135667
0
0.000169584
0.00030525
0
0.000440917
0
0
0
0
0.000576584
0.000169584
0.000474834
0
0
0.000407
3.39167e-05
3.39167e-05
0.00030525
0.00050875
0.000440917
0.000644417
0.000271334
0.000135667
0.00030525
0.00030525
0.000135667
0.000339167
0
6.78334e-05
0.00010175
0.00050875
0.000373084
0.0002035
0.00030525
0.000339167
0
0.000169584
0
0.00050875
0.000474834
0.000169584
3.39167e-05
0
0.00010175
0.00030525
3.39167e-05
0
0.00030525
0.000237417
0
0.000135667
6.78334e-05
0
0
0
6.78334e-05
6.78334e-05
0.00050875
3.39167e-05
0.000440917
0.000474834
0.000135667
0.000169584
3.39167e-05
0.00050875
0.000847918
0.000135667
0.000915751
0.000444171
0.00030525
6.78334e-05
0.00010175
0.000237417
0.000169584
0
0
6.78334e-05
0.000644417
0.000576584
0
0.000237417
0.000271334
0
0.00010175
0.000169584
0.00010175
0.0002035
0
6.78334e-05
0.000271334
0
6.78334e-05
0.00030525
0
0.0002035
0.0002035
0
0
0.000580839
0.000407
0
0.000339167
0
0
3.39167e-05
0
0.000474834
3.39167e-05
0.000440917
0.00010175
0.000135667
0.000237417
0.000135667
0.0002035
0.000712251
0.000440917
0.000644417
0.000712251
0
0.000474834
0.0002035
0.00030525
3.39167e-05
0.000339167
0.000237417
0.000169584
0.00010175
0.000271334
0.000440917
0.0002035
0.000407
6.78334e-05
0.000542667
0.000135667
0
0.000474834
0.000678334
0.000407
0.000169584
0.000407
0.000169584
0
6.78334e-05
0.000169584
3.4167e-05
0.0002035
6.78334e-05
0
0.00010175
0
0.000339167
0.0002035
0.000237417
0
0.000135667
0.000135667
0
0.000135667
0.000339167
0.000644417
0.000169584
6.78334e-05
0.000169584
0.00030525
0.000135667
0.000271334
0
6.78334e-05
0.0002035
6.78334e-05
0.000373084
0
0.00030525
0
0.000237417
6.78334e-05
0
0
0.000610501
0.000271334
0.000339167
0.000135667
0
0.00050875
0.000135667
0
0.000339167
0.0002035
0
0.000135667
0.0002035
0.000373084
0.00050875
0.000373084
0.000373084
0.0002035
6.8334e-05
0.000271334
0.000237417
0
6.78334e-05
0.000339167
0.000135667
0
0.000169584
0
0.000169584
0.00050875
0
0.000169584
0.00010175
0
0.000169584
0
0.00010175
0.000271334
0.000474834
0
0
0.0002035
6.78334e-05
0.000474834
0.000644417
0.000271334
0.000135667
0
0
0.000542667
3.39167e-05
0.000237417
0.000237417
0
0.000271334
0
0
0
0.00010175
0.000407
0.00050875
0.000474834
0.000339167
3.39167e-05
0
0.000169584
0
0
0.000135667
0.000542667
0.000237417
0
0
0.000169584
0.000373084
0.000169584
0.000474834
0.000169584
0
0
0.000135667
3.39167e-05
0.000169584
0.00050875
0
0.00010175
0.000610501
0
6.78334e-05
0.000135667
0.000407
0.000474834
6.78334e-05
0.000339167
0
0.00010175
0
0.0002035
6.78334e-05
0.0002035
0.000237417
0.0002035
0.000271334
0.000474834
0.000169584
0.000271334
0.0002035
0.00030525
0.000237417
0.000373084
6.78334e-05
0.000169584
0.000135667
0.0002035
0.000373084
0.000237417
0
0.000407
0
0.000440917
0
0.0002035
0.0002035
6.78334e-05
0.0002035
0.00030525
0.000169584
0.0002035
0.000339167
0
0.000135667
0
0.000542667
0.000576584
0.000135667
0
0
0.000135667
0.000237417
6.78334e-05
6.78334e-05
0.0002035
0.000169584
0.000271334
0
3.39167e-05
0.000169584
6.78334e-05
0.000169584
0.000407
0
0
0
0
0
0
0
0.000135667
0.000271334
0
0
0
0.00030525
0.000237417
0.000271334
0
0
0
0
0
0.00030525
0
0
0.000237417
0.0002035
0.00050875
0
0
0.000407
0
0
0.000814001
0.0002035
0.000610501
0.000373084
0.00010175
0.00050875
0.000644417
6.78334e-05
3.39167e-05
0.000373084
0.000169584
0.00030525
0
0.000169584
0
0.00010175
0.000271334
0.0002035
0.00010175
0.00050875
0.000169584
0.0002035
0.000271334
0.000135667
0
0.000271334
0.000169584
0.000407
0.000271334
0.0002035
0
0.000169584
0.000644417
0.00010175
0.00030525
0
6.78334e-05
0
0
0
0.000169584
0
6.78334e-05
0.000407
0.000135667
0.00010175
0
0.000237417
0.000440917
6.78334e-05
0.000169584
0
0.000237417
3.39167e-05
0
0
6.78334e-05
0.0002035
0.000440917
0
0
0.000373084
0.000440917
0
0.000440917
0
0.000237417
0
0.0002035
0.000237417
0.00010175
0.000135667
0
0
0.000271334
0.00010175
0.000271334
0.000339167
0.000373084
3.39167e-05
0.0002035
0.0002035
0
0.0002035
6.78334e-05
0.000135667
0.000474834
0.000135667
0.000339167
0
0.000237417
0
0.000610501
0
0
0.00030525
0.0002035
0.000169584
0.000135667
0.000237417
0.000678334
0.000237417
0.00010175
0.000610501
0
0
0
0
0
0.000101379
0.000304136
0
0
0.000202758
0.000101379
0.000253447
0
0.000101379
0.000101379
0.000152068
0
0.000152068
0.000101379
0
0.000101379
0
0
0.000253447
0
0
0.000202758
5.06894e-05
0.000101379
0
0
0.000152068
5.0782e-05
0
0.000202758
0
0
5.06894e-05
0.000101379
0.000101379
5.06894e-05
0
5.06894e-05
5.06894e-05
0.000152068
0.000101379
0
5.06894e-05
0.000253447
0
0.000405515
0.000101379
0.000202758
0
0
5.06894e-05
0
0
5.06894e-05
0.000202758
0.000253447
5.06894e-05
0.000101379
0
5.06894e-05
5.06894e-05
5.06894e-05
0.000101379
0
5.06894e-05
0
0
0.000101379
0
0
0
0
0
0.000101379
5.06894e-05
0
0.000152068
5.06894e-05
0
0
0
0.000152068
0.000101379
5.06894e-05
0.000101379
0.000101379
0
0.000304136
0.000202758
0
5.06894e-05
5.06894e-05
0
0
0
0.000101379
0
0.000253447
0
0.000101379
5.06894e-05
0
0.000101379
0
5.06894e-05
0
5.06894e-05
0.000152068
0
0.000101379
5.06894e-05
5.06894e-05
0.000152068
0.000152068
0.000304136
0
0.000202758
0
0.000152068
0.000152068
0.000354826
5.06894e-05
0
0
5.06894e-05
0.000152068
0
0.000101379
0
5.06894e-05
5.06894e-05
0
5.06894e-05
0.000101379
0.000101379
5.06894e-05
0.000152068
0.000253447
0.000354826
0.000101379
0
0
0
0.000152068
5.06894e-05
0.000152068
5.06894e-05
0.000152068
0
0
0.000152068
0.000152068
0.000202758
0.000152068
5.06894e-05
0.000101379
0.000101379
0
5.06894e-05
0
5.06894e-05
0.000101379
0.000101379
0.000101379
0
0.000253447
5.09684e-05
0
0.000101379
0
0.000101379
0
0.000202758
5.06894e-05
0
5.06894e-05
0
0
0.000152068
0
0.000304136
0.000101379
0
0
0.000253447
5.06894e-05
0
0
0.000152068
0
0.000101379
5.06894e-05
0.000101379
0
5.06894e-05
0
0.000304136
0.000202758
0
5.06894e-05
0
5.06894e-05
0
0.000101379
0
0.000152068
0
0.000101379
0
5.06894e-05
0
5.06894e-05
0.000101379
5.06894e-05
0
0.000101379
5.06894e-05
5.06894e-05
5.06894e-05
0.000101379
0.000101379
0
0.000152068
0.000101379
0
5.06894e-05
0.000101379
5.06894e-05
0.000202758
0
5.06894e-05
0.000101379
5.06894e-05
0.000101379
0.000202758
0
0.000202758
0
5.06894e-05
0
0
0
0
0
0.000101379
0.000101379
5.06894e-05
0.000101379
0
0.000101379
0.000152068
5.06894e-05
0
0
5.06894e-05
5.06894e-05
5.06894e-05
0.000253447
5.06894e-05
0.000101379
0.000152068
0
0
0.000202758
0
0
0
5.06894e-05
5.06894e-05
0
0
0
0
0
0.000202758
0.000152068
0
0.000152068
0
0
5.06894e-05
0
0.000101379
0.000101379
0
0
5.06894e-05
5.06894e-05
0
0.000101379
0
0.000101379
0
0
0.000101379
5.06894e-05
0.000101379
0
0
0.000152068
0.000152068
0
0
0.000101379
0.000101379
0
5.06894e-05
0.000101379
0
0
0.000101379
0
0.000101379
0.000405515
0
0
0
0.000152068
0.000101379
0.000152068
5.06894e-05
0
0
5.06894e-05
0
0
0
0
5.06894e-05
5.06894e-05
0.000152068
0
0
0.000152068
0.000101379
0.000152068
0
0
0
5.06894e-05
0
0
5.06894e-05
0
5.06894e-05
0.000101379
0
0
0.000101379
0
0.000152068
0.000152068
0
0
0.000152068
0.000253447
0.000152068
0.000202758
0
0
0
5.06894e-05
0.000354826
5.06894e-05
0
0
0.000101379
5.06894e-05
0
5.06894e-05
0
0
0
0.000152068
0
0.000101379
0
0
0
0.000101379
0.000152068
0
0
0.000101379
5.06894e-05
0.000101379
0
0.000304136
0
0.000101379
0
0
0.000101379
0.000202758
0
0
0
0
0
0
0
0
0.000101379
5.06894e-05
0.000152068
0
0.000152068
0.000152068
0.000101937
0.000253447
0
0.000304136
0
0
0
0
0.000202758
0.000101379
0
5.06894e-05
0.000152068
0.000253447
0.000152068
5.06894e-05
0.000202758
0
0.000152068
0
0
5.06894e-05
0.000456204
0.000354826
0
0
5.06894e-05
0.000152068
0
0
0.000101379
5.06894e-05
0.000152068
0
0
0
0.000202758
0
0
0
0
5.06894e-05
0
0
0
0
0
0.000101379
0
0
0
0
0
0
0.000253447
5.06894e-05
0
0
0.00023382
0
0
0
0.000101379
0
0
0
5.06894e-05
0.000101379
0
0
0
0
0
0.000101379
0.000202758
0
0
0.000202758
0
0.000152068
5.06894e-05
0
5.06894e-05
0.000253447
0
0
0.000152068
0.000253447
0
0.000152068
0
0.000101379
0.000101379
0
0.000101379
0
0.000101379
0
0.000152068
0
0
5.06894e-05
0.000456204
0
5.06894e-05
0
0
5.06894e-05
0
0
0.000152068
5.06894e-05
0
0
0
0
0.000101379
0.000152068
0.000101379
0.000101379
0.000101379
5.06894e-05
0.000101379
0
0.000304136
0.000152068
0
5.06894e-05
0
0
0.000152068
5.06894e-05
5.06894e-05
0.000101379
0
0.000101379
0.000101379
0
0
0
0
9.95619e-05
0
9.95619e-05
0
0
4.9781e-05
4.9781e-05
4.9781e-05
4.9781e-05
9.95619e-05
0
4.9781e-05
0
0.000298686
0.000149343
4.9781e-05
0
0
0
0
0.000248905
9.95619e-05
0
0
0
9.95619e-05
0
9.95619e-05
0.000199124
4.9781e-05
0
9.95619e-05
0.000248905
0.000149343
0
0
0
0.000248905
4.9781e-05
9.95619e-05
0
0
9.95619e-05
0
0.000199124
4.9781e-05
9.95619e-05
9.95619e-05
0
0.000149343
0
9.95619e-05
0.000199124
4.9781e-05
0
0.000149343
0
9.95619e-05
0
0
0
4.9781e-05
0
0
0
4.9781e-05
9.95619e-05
0
9.95619e-05
4.9781e-05
0.000149343
9.95619e-05
0.000199124
0
0
4.9781e-05
0
0.000199124
0
4.9781e-05
9.95619e-05
4.9781e-05
0
0
4.9781e-05
0
9.95619e-05
0
0.000149343
0.000149343
4.9781e-05
0
4.9781e-05
0
0
0
9.95619e-05
4.9781e-05
0
0.000298686
9.95619e-05
0
0
4.9781e-05
0
0
4.9781e-05
0.00010725
0.000149343
9.95619e-05
0
4.9781e-05
0.000149343
0
0.000149343
0
0
0
0.000199124
0.000199124
4.9781e-05
0
0.000199124
9.95619e-05
0.000149343
0.0002145
0
0.000199124
4.9781e-05
4.9781e-05
4.9781e-05
0
0.000199124
0
0
4.9781e-05
4.9781e-05
0
0.000149343
0
0
4.9781e-05
5.36251e-05
0.000149343
4.9781e-05
9.95619e-05
0.000149343
0
0.000248905
0.000199124
0
4.9781e-05
0
9.95619e-05
0
9.95619e-05
9.95619e-05
0
9.95619e-05
4.9781e-05
0
4.9781e-05
0
0
4.9781e-05
4.9781e-05
0
0
0
0.000199124
0
9.95619e-05
0
0
9.95619e-05
0
0.000298686
0
0
0
0
0.000398248
0.000199124
4.9781e-05
9.95619e-05
0.000298686
0
5.36251e-05
0.000199124
4.9781e-05
0.000199124
0.000298686
0
4.9781e-05
4.9781e-05
9.95619e-05
0
0
0.000199124
0
0
4.9781e-05
0
0.000149343
0
4.9781e-05
0
0
0
0
0
0
0
0
0
4.9781e-05
4.9781e-05
9.95619e-05
0
0.000160875
0
0
0
4.9781e-05
0
4.9781e-05
0
9.95619e-05
0
0
0
4.9781e-05
4.9781e-05
0
9.95619e-05
0.000248905
0
0
0.000375375
0
4.9781e-05
0
9.95619e-05
0.000199124
0
0
0
9.95619e-05
4.9781e-05
4.9781e-05
0.000199124
0
0
9.95619e-05
0
0.000199124
0
0.000248905
4.9781e-05
4.9781e-05
9.95619e-05
0
0
0
0
0.00010725
0
4.9781e-05
0
0
4.9781e-05
4.9781e-05
9.95619e-05
0.000199124
0
0.000199124
4.9781e-05
0
9.95619e-05
9.95619e-05
0
9.95619e-05
0
0.000248905
9.95619e-05
9.95619e-05
0
9.95619e-05
0
0
4.9781e-05
0
4.9781e-05
0
0
0
0
9.95619e-05
0
0.000298686
0
4.9781e-05
0
0
0
0
0
4.9781e-05
9.95619e-05
0
9.95619e-05
4.9781e-05
0
0
0
9.95619e-05
0.000248905
0.000149343
0
0.000298686
4.9781e-05
9.95619e-05
4.9781e-05
9.95619e-05
4.9781e-05
0
0
0
5.36251e-05
0
9.95619e-05
0
0
0.000149343
0
0
4.9781e-05
4.9781e-05
9.95619e-05
0.000149343
4.9781e-05
0
0.000199124
0
4.9781e-05
0
0.00010725
0
4.9781e-05
0
0.000149343
0
4.9781e-05
9.95619e-05
0
0
0
9.95619e-05
0.000248905
0.000199124
0.000149343
0.00010725
0.000248905
0
0.000160875
0
0
0.000149343
0
0.000248905
0
4.9781e-05
0
0
4.9781e-05
0
4.9781e-05
5.36251e-05
0
0.000149343
4.9781e-05
4.9781e-05
0
0
0
0
0
9.95619e-05
0
9.95619e-05
9.95619e-05
0
0
0
0
4.9781e-05
9.95619e-05
0
0.000398248
4.9781e-05
0
9.95619e-05
9.95619e-05
4.9781e-05
0.000348467
4.9781e-05
0
0
4.9781e-05
0.000149343
9.95619e-05
0.000149343
0
0
0.00010725
0
0
0.00010725
0
4.9781e-05
0.000149343
0
4.9781e-05
0
9.95619e-05
4.9781e-05
4.9781e-05
4.9781e-05
5.36251e-05
9.95619e-05
0.000149343
0
4.9781e-05
0.00010725
0
0.000199124
9.95619e-05
4.9781e-05
9.95619e-05
0
0
4.9781e-05
0
0
0
4.9781e-05
4.9781e-05
0.000149343
0
0
0.000149343
0
0
0
0.0002145
9.95619e-05
4.9781e-05
0
0.000199124
0
0.000199124
0
5.36251e-05
5.36251e-05
4.9781e-05
0
0
4.9781e-05
0
0.000298686
0
4.9781e-05
0
9.95619e-05
0
4.9781e-05
4.9781e-05
0
0
4.9781e-05
4.9781e-05
0
0.000248905
9.95619e-05
0
0
0
0
0
4.9781e-05
9.95619e-05
0
4.9781e-05
0
0
0
0
0
4.9781e-05
0
9.95619e-05
0
0
4.9781e-05
0.000149343
0
4.9781e-05
0
9.95619e-05
0
4.9781e-05
0
4.9781e-05
0.000149343
0.000199124
0
0
0
9.95619e-05
4.9781e-05
0.000149343
0
0
0.000199124
4.9781e-05
0
0.000199124
0
0
0
0
4.9781e-05
4.9781e-05
0.000149343
0
4.9781e-05
4.9781e-05
4.9781e-05
0.000199124
0
0.000149343
0
4.9781e-05
9.95619e-05
9.95619e-05
0
0.000199124
9.95619e-05
0
0.000149343
0
0.000248905
0
0
4.9781e-05
0
0
0.000105219
0
0.000105219
0
0
0
0
0
0
0
0
0
0
0
0
0.000105219
0.000105219
0.000105219
0.000210438
0
0.000105219
0.000105219
0.000105219
0
0
0.000105219
0.000210438
0
0
0
0.000105219
0
0
0.000105219
0
0
0
0
0
0
0
0
0.000105219
0.000105219
0
0
0
0
0
0
0
0.000105219
0
0
0.000105219
0
0
0.000105219
0
0
0.000105219
0
0.000315657
0.000210438
0.000210438
0
0
0.000210438
0.000105219
0.000105219
0.000105219
0.000105219
0.000315657
0
0
0.000105219
0
0
0
0
0
0
0
0.000105219
0
0.0002145
0.000105219
0
0
0
0
0
0.000105219
0.000105219
0
0
0
0
0
0
0
0
0
0.000210438
0.000210438
0
0.000315657
0
0.000105219
0
0.000210438
0
0.000105219
0.000105219
0
0.000210438
0
0.000210438
0.000105219
0
0
0
0
0
0
0.000210438
0
0.000210438
0
0
0
0
0
0.000105219
0
0
0
0
0.000105219
0
0.000105219
0
0
0
0
0.000105219
0
0
0.000210438
0.000105219
0
0
0
0
0
0
0
0
0
0.000105219
0.000420875
0
0
0.000105219
0
0.000105219
0
0
0
0
0.000105219
0
0
0
0
0
0
0
0
0
0
0
0
0
0
0.00010725
0
0
0
0
0
0.000105219
0.000105219
0
0.000105219
0.000105219
0.000105219
0
0.000105219
0.000105219
0.000210438
0.000210438
0.000105219
0.000105219
0
0
0
0.000105219
0
0.000105219
0.000105219
0
0.000105219
0.000210438
0
0.000105219
0
0
0
0.000105219
0
0.000315657
0.000105219
0.000105219
0
0
0.000315657
0.000105219
0.000105219
0
0
0
0
0
0
0
0
0.000210438
0
0
0
0.000210438
0
0
0
0
0
0.000210438
0.00010725
0
0.000105219
0
0.000210438
0
0.000210438
0
0.000105219
0
0
0.000315657
0
0
6.15915e-05
6.87569e-05
6.87569e-05
0
0
6.87569e-05
0.000206271
0
6.87569e-05
0.000206271
0
6.87569e-05
0
0
0
0
0
0.000137514
6.87569e-05
0.000206271
0
0.000137514
6.94444e-05
0.000137514
0
0.000343784
6.87569e-05
0
0
0.000275028
0
6.87569e-05
6.87569e-05
6.87569e-05
0.000137514
0
0.000275028
0.000206271
0
0
0.000137514
6.87569e-05
0.000137514
0
0
0
0
0.000275028
0
6.87569e-05
0.000343784
0
6.87569e-05
0.000206271
0.000137514
0.000275028
0
6.87569e-05
0.000137514
0
0
0
6.87569e-05
0
0
0
0
0
0
0
0
0
6.94444e-05
0
0.000206271
0
0.000137514
0
0.000137514
0.000412541
0
0.000137514
6.87569e-05
0
0.000206271
0
6.87569e-05
0
0.000137514
0
0.000275028
0.000343784
0
0.000206271
0
0
0.000137514
0
0
0.000137514
0.000206271
0
0
6.87569e-05
0.000275028
0.000206271
0
0
6.87569e-05
0.000137514
6.87569e-05
0.000206271
0
0
0.000206271
0
0
0
0.000206271
0
0.000137514
0.000137514
0
6.87569e-05
6.87569e-05
6.87569e-05
0.000206271
0.000206271
0
0
0
0
6.87569e-05
6.87569e-05
0
0.000412541
0
0
6.87569e-05
0.000137514
0.000137514
0.000137514
0.000206271
0.000137514
0
0.000206271
0.000275028
0
0
0.000206271
0.000206271
0
0.000275028
0
6.87569e-05
0
6.87569e-05
0.000275028
6.87569e-05
0
0
0
0.000206271
0
0
0
0
0
0
0
0
0
0
0.000206271
0.000275028
0.000137514
6.87569e-05
0
6.87569e-05
0.000137514
0.000137514
0.000206271
0.000275028
0.000206271
0.000343784
0.000137514
0.000206271
6.87569e-05
0
0.000412541
0.000137514
0
0
0
0
0.000275028
0.000275028
0.000206271
0
0
0
0
0.000137514
0
0
0.000206271
0
0
0.000206271
0
0
0
0
0
0
0.000275028
0
0
0
0.000343784
0
0.000206271
0
0
0.000137514
0.000206271
0
0.000343784
6.87569e-05
6.87569e-05
0
0
6.87569e-05
6.87569e-05
0
0
6.87569e-05
6.87569e-05
0.000137514
6.87569e-05
6.87569e-05
0
0.000275028
0
6.87569e-05
6.87569e-05
0.000275028
0
0
0.000137514
0.000137514
0
0.000206271
0.000137514
0.000137514
0
0
0.000206271
6.87569e-05
0
0
6.87569e-05
0.000206271
0
0
0
0.000206271
0
6.87569e-05
0
0
0
6.87569e-05
0
0
0.000137514
0
0
0.000137514
0
6.87569e-05
0.000343784
0
6.87569e-05
0
0
0
0.000137514
0.000206271
0.000206271
0
0.000137514
6.87569e-05
0
0
0
6.87569e-05
0.000206271
0.000343784
0.000137514
0
0.000206271
0
6.87569e-05
6.87569e-05
0.000206271
6.87569e-05
0
0
0
0.000137514
0
0.000137514
0.000137514
6.87569e-05
6.87569e-05
0
0.000137514
0.000275028
6.87569e-05
0.000137514
0
0
0.000137514
6.87569e-05
0.000275028
0
6.87569e-05
0
0
0
6.87569e-05
0
0
6.94444e-05
0.000137514
0.000206271
0
0
0
6.87569e-05
0.000275028
0
6.87569e-05
0.000137514
6.87569e-05
0.000137514
0
0
0
0
0.000206271
0.000137514
0
0.000137514
6.87569e-05
0.000206271
0.000137514
0
0
0
0
0
0
6.87569e-05
0
6.87569e-05
0.000206271
0
0
0
0
6.87569e-05
0
0.000206271
0
0.000137514
0
6.87569e-05
6.87569e-05
0.000137514
0.000206271
0.000137514
6.87569e-05
0
0
0
6.87569e-05
0
0.000137514
6.87569e-05
0.000206271
0
0
6.87569e-05
0.000206271
0
0
0
0.000137514
6.87569e-05
0.000206271
6.87569e-05
0.000206271
0.000172533
8.62664e-05
0.000172533
0
0
0
0.000172533
0.000172533
0.000258799
0.000345066
0
0
0
0.000172533
0
0
0
8.62664e-05
0
0
0
0
0
0.000172533
0
0
0
8.62664e-05
8.62664e-05
0
0.000258799
0
0
0
8.62664e-05
0
0
0
8.62664e-05
0
0
0
8.62664e-05
0
0.000172533
0
0
0
0
0.000345066
0
0
0
8.96057e-05
0.000172533
0.000172533
0.000172533
0
0.000172533
0
0.000258799
0.000258799
0
8.62664e-05
0
8.62664e-05
8.62664e-05
0
0
0
8.62664e-05
0.000172533
8.62664e-05
0
0.000345066
8.62664e-05
0
8.62664e-05
8.62664e-05
0.000172533
0.000345066
8.62664e-05
0
0
8.62664e-05
8.62664e-05
8.62664e-05
8.62664e-05
0
0
0.000172533
0.000172533
0
0
0
8.62664e-05
0
0.000172533
0.000172533
0
8.62664e-05
0.000172533
8.62664e-05
0
0
0
8.62664e-05
8.62664e-05
8.62664e-05
0
0
0
0
0
8.62664e-05
0.000172533
0
0
0.000172533
8.62664e-05
8.62664e-05
0
0.000172533
0
0
0
0
8.62664e-05
8.62664e-05
0
8.62664e-05
0.000258799
0.000258799
0
0
0
8.62664e-05
0
0
0
0
0.000172533
0
0
8.62664e-05
0
0
0
0
0
0
0
0
0.000258799
0
8.62664e-05
8.62664e-05
8.62664e-05
8.62664e-05
0
0
0
0
0
0
0.000172533
0
0
8.62664e-05
0
0
0.000258799
8.62664e-05
0
0.000172533
0.000172533
8.62664e-05
0
0.000258799
0
0
0
0.000172533
8.62664e-05
0.000172533
0
0
0
0
8.62664e-05
8.62664e-05
0.000172533
0.000603865
8.62664e-05
0
0
0.000172533
0
8.62664e-05
0.000172533
0.000179211
0.000345066
8.62664e-05
0.000172533
0
0
8.62664e-05
8.62664e-05
0
8.62664e-05
0.000172533
8.62664e-05
0.000603865
0.000345066
0
0
8.62664e-05
0
0.000172533
0
0
0
8.62664e-05
0
0
8.62664e-05
0
0
8.62664e-05
0
0
0
0
0
0.000172533
8.62664e-05
0.000603865
0.000172533
0
0
0
0.000345066
0
0
0.000172533
0
0.000258799
0
0.000172533
0
0
8.62664e-05
0.000345066
0.000258799
8.96057e-05
8.62664e-05
0
0
8.62664e-05
0.000172533
0.000172533
8.62664e-05
0.000431332
0.000172533
0.000345066
0
0.000258799
8.62664e-05
0
0
0
0.000172533
0.000258799
0
0.000258799
0
0
0.000172533
0
0.000258799
0
0.000172533
0
0
0
0
0
8.62664e-05
0.000431332
8.62664e-05
0
0.000258799
0.000358423
0
0
0
0
0
0.000345066
8.62664e-05
0
8.62664e-05
8.62664e-05
8.62664e-05
0
0
0
0
0.000258799
8.62664e-05
0
0
0
8.96057e-05
8.62664e-05
0
8.62664e-05
0.000345066
0.000172533
8.62664e-05
0
0
0.000156937
0
0
0
0
0
0
0
0.000313873
0
0
0
0.000156937
0
0
0.000313873
0
0
0
0
0
0
0.000156937
0
0
0
0
0
0
0.000156937
0.000156937
0
0
0
0
0
0.000156937
0
0
0
0
0
0.000156937
0
0.000324886
0
0.00047081
0
0.000156937
0
0
0.000156937
0
0.000313873
0.000313873
0
0
0.000156937
0
0.000156937
0
0
0
0.000313873
0.00047081
0
0
0
0
0
0
0
0
0.000156937
0.000156937
0.000156937
0.00047081
0
0
0.000313873
0
0
0
0
0.000156937
0.000156937
0
0
0.000156937
0
0.000156937
0
0.000156937
0
0.000313873
0
0.00047081
0.000156937
0
0.000156937
0
0
0
0.000156937
0
0
0.000156937
0
0
0
0.000313873
0.000313873
0
0
0
0
0.000156937
0
0
0
0
0.000156937
0
0
0.000156937
0
0
0
0
0
0.000156937
0
0
0
0
0
0.000313873
0
0
0
0.000156937
0
0
0.000156937
0
0
0
0.000156937
0.000313873
0
0
0
0
0
0
0
0.000156937
0
0
0.000156937
0
0.000156937
0
0
0
0
0
0.000156937
0.000156937
0
0
0
0
0
0.000156937
0
9.4162e-05
0.000153468
0
0.000102312
0.000153468
0.000102312
0.000102312
5.11561e-05
5.11561e-05
0
0.000204625
0
0
5.11561e-05
5.11561e-05
5.11561e-05
0
5.11561e-05
0
5.11561e-05
0
0.000306937
0.000102312
0
0
0
0.000204625
5.11561e-05
0.000105419
0
0
0
0
0
0.000102312
0
0
0
0.000102312
0
5.11561e-05
0
5.11561e-05
0.000255781
0.000204625
5.11561e-05
0.000102312
0.000102312
0
0
0
0
0
0
0.000255781
0.000102312
0
0
5.11561e-05
0.000204625
0.000102312
0
0.000153468
0.000102312
5.11561e-05
0.000102312
0.000102312
0.000102312
0
0
0.000204625
5.11561e-05
5.11561e-05
0
5.11561e-05
0
0
0
0
0
0.000102312
0.000102312
0
0.000255781
0
0.000102312
0
0
5.11561e-05
0
5.11561e-05
0
0
0.000102312
5.11561e-05
0
0
0.000102312
0.000153468
0
0.000102312
0.000153468
5.11561e-05
0.000102312
0
0
5.11561e-05
5.11561e-05
0
0
0.000153468
0
0
0
0
5.11561e-05
0.000153468
0.000153468
0
0
0.000102312
0.000204625
5.11561e-05
5.11561e-05
5.11561e-05
0.000102312
0.000255781
5.11561e-05
0
5.11561e-05
5.11561e-05
0.000255781
5.11561e-05
0.000102312
0
0.000255781
0
0.000204625
0.000102312
0
0.000409249
0
0
5.11561e-05
0.000102312
0.000153468
0.000153468
0
5.11561e-05
0
5.11561e-05
0
0
0
0
0
0
0.000153468
0
0
0.000102312
5.11561e-05
5.11561e-05
0
0
0.000102312
0.000102312
0
0
0.000102312
0
0
0.000102312
0
0
0.000102312
0
5.11561e-05
0
0.000102312
0
5.11561e-05
5.11561e-05
0.000102312
0
0.000102312
0.000102312
0.000102312
5.11561e-05
0.000102312
0.000255781
5.11561e-05
0
0
5.11561e-05
0
5.11561e-05
0.000153468
5.11561e-05
0
0
0
0.000409249
0.000102312
0.000204625
5.11561e-05
0.000102312
0.000102312
0
5.11561e-05
0
5.11561e-05
0
0
0
0
0
0
0
5.11561e-05
5.11561e-05
0
0.000153468
0
0
5.11561e-05
0.000204625
5.11561e-05
5.11561e-05
0
0
0.000102312
0
5.11561e-05
0.000102312
0
0
0
0
0
0.000204625
0
5.11561e-05
5.11561e-05
5.11561e-05
0
0.000153468
0.000102312
0
0
0.000358093
0.000153468
0
5.11561e-05
0
0.000153468
0.000102312
0
5.11561e-05
0
0
0.000102312
0
0
0
0
0
0
0
0
0
0.000102312
0
0.000153468
5.11561e-05
0
0
0.000153468
0
0
0.000153468
0
5.11561e-05
0.000255781
0.000105419
5.11561e-05
0
5.11561e-05
5.11561e-05
0.000102312
5.11561e-05
0
5.11561e-05
0.000102312
0
0
0
0
0
0
0
0.000102312
0.000153468
0
5.11561e-05
0.000204625
0
0
0
0
5.11561e-05
0.000153468
0
0.000204625
0
0
0.000153468
0.000102312
0.000153468
5.11561e-05
0.000306937
5.11561e-05
5.11561e-05
0
0
0
0.000204625
0.000204625
0.000306937
5.11561e-05
0
0
5.11561e-05
5.11561e-05
0
0
0.000102312
5.11561e-05
5.11561e-05
5.11561e-05
5.11561e-05
0
0
5.11561e-05
0.000102312
0.000153468
0
0
0
0.000153468
0.000102312
0.000153468
0
0
0
5.11561e-05
0
0.000255781
5.11561e-05
5.11561e-05
0.000306937
0
0
0.000255781
0
0.000204625
0.000102312
0
0
5.11561e-05
0
0.000153468
5.11561e-05
0.000153468
0.000204625
0.000204625
0
0.000204625
5.11561e-05
0
0
0
0
0
0
0
5.11561e-05
0.000153468
0
5.11561e-05
5.11561e-05
0.000204625
0.000102312
0
0.000102312
0
0
0.000153468
0
0.000102312
0.000102312
0
0
0
0.000204625
5.11561e-05
0
0
0.000102312
0
5.11561e-05
0.000255781
0.000153468
0.000153468
5.11561e-05
5.11561e-05
5.11561e-05
0
0
0
0
0
0.000102312
5.11561e-05
0.000153468
0
0.000102312
0.000255781
0
0.000102312
0
5.11561e-05
0
0.000102312
0.000255781
0.000102312
0
0.000105419
0.000153468
0.000102312
0
5.11561e-05
0
5.11561e-05
0.000102312
0
5.11561e-05
0
0
5.11561e-05
0.000153468
0.000102312
0
0.000153468
0
0
0.000153468
5.11561e-05
0.000210837
0.000102312
5.11561e-05
0
5.11561e-05
0
0.000102312
5.11561e-05
0.000204625
0
0
0
0.000102312
0.000102312
0
5.11561e-05
0.000153468
0.000102312
0
0.000102312
0.000153468
5.11561e-05
0.000102312
0.000358093
5.11561e-05
0.000255781
5.11561e-05
0.000204625
0.000102312
0.000102312
0
0.000105419
0
0.000105419
0
0.000153468
0.000102312
0.000102312
5.11561e-05
0.000255781
0
0.000204625
5.11561e-05
0
0
0
0.000306937
0.000204625
5.11561e-05
0
0
0
0
0
5.27093e-05
0.000158128
0
5.11561e-05
0
0.000306937
0
5.11561e-05
0.000255781
0
5.11561e-05
0.000158128
0.000358093
0
0.000102312
0
0.000102312
0
0.000102312
0
0.000204625
0.000153468
5.11561e-05
0
0.000102312
0
0.000204625
0
0
0
0.000153468
0
0
0
6.09162e-05
0
0
0
0
0
0
0
6.09162e-05
0
0
0
6.09162e-05
0
0
6.09162e-05
0
6.09162e-05
0.000121832
6.09162e-05
0
0
0.000121832
0.000121832
6.09162e-05
6.09162e-05
0
0
6.09162e-05
0
0
6.09162e-05
0
0
6.09162e-05
0
6.09162e-05
0.000243665
0
0.000121832
0
0
0
0.000121832
0.000121832
0
0
0
0
6.09162e-05
6.09162e-05
0
0
0
6.09162e-05
0.000121832
0
6.09162e-05
0.000121832
0
0
0
0
0.000121832
0
6.09162e-05
0
0
0
0.000121832
0.000121832
0
0.000121832
0
0
6.09162e-05
0
0
0
6.09162e-05
0.000121832
6.09162e-05
0
0.000182749
0
0
0
0.000121832
0
0.000121832
6.09162e-05
0
0
0
0
0
0
0
6.09162e-05
0
0
0
0
6.09162e-05
0
0
0
0.000121832
0
0
0.000121832
0.000121832
0
0.000182749
0
0
6.09162e-05
0
0
6.09162e-05
0.000182749
0.000121832
0
0
6.09162e-05
0
0
0
0
0
0
0
0.000121832
0
6.09162e-05
0.000121832
0
0
0
0.000243665
0
0
0.000123457
0
0
0
0
6.09162e-05
0.000182749
0
0
6.09162e-05
0
6.09162e-05
0
0.000121832
0
0.000182749
0
0.000121832
6.09162e-05
0.000182749
6.09162e-05
0
0.000121832
6.09162e-05
0
6.09162e-05
0
0
0
0.000182749
0
0
0
0
0.000121832
0
0
6.09162e-05
0
6.09162e-05
0
0
0
0
0
0
0
6.09162e-05
0.000182749
0
0
0.000121832
0
0
0
0.000121832
0
0.000121832
0
0.000121832
6.09162e-05
6.09162e-05
6.09162e-05
6.09162e-05
0
0.000304581
0
0
0.000121832
0
6.09162e-05
0.000121832
0
0.000121832
0
0.000304581
0
0
6.09162e-05
0
6.09162e-05
0
6.09162e-05
6.09162e-05
6.09162e-05
0
0
0
0
0.000121832
6.09162e-05
0
6.09162e-05
0
0
0
0
6.09162e-05
6.09162e-05
6.09162e-05
6.09162e-05
0
0
0
6.09162e-05
0
0
0
6.09162e-05
0
0.000182749
0
0
6.09162e-05
0.000121832
0
0
0
0.000243665
6.09162e-05
0
0
0.000121832
0.000243665
0.000121832
6.09162e-05
6.09162e-05
6.09162e-05
0.000121832
6.09162e-05
0
0.000121832
0
6.09162e-05
0
0.000243665
0.000182749
0.000121832
6.09162e-05
6.09162e-05
0
6.09162e-05
0
0
0
0
6.09162e-05
0
0.000121832
0
0.000121832
0
6.09162e-05
6.09162e-05
0
0.000121832
0
0
6.09162e-05
0
0
0
6.09162e-05
0.000121832
0
0
0
0
0
0
0.000121832
0.000243665
0.000182749
6.09162e-05
0
0.000121832
0
0
0
0
6.09162e-05
0
0
0
0.000182749
0
0
0.000182749
6.09162e-05
0.000121832
6.09162e-05
6.09162e-05
6.09162e-05
6.09162e-05
0
0
0
0.000121832
0.000182749
0
0
0
6.09162e-05
0.000182749
6.09162e-05
0.000243665
0
6.09162e-05
0.000121832
0.000121832
0
0.000182749
0
0.000182749
6.09162e-05
0
6.09162e-05
6.09162e-05
0
0
0.000182749
0
0
0
0
0
0
0
0
0.000121832
0
6.09162e-05
6.09162e-05
0
6.09162e-05
0
6.09162e-05
0
0.000121832
0
0.000121832
0
0
0
0
6.09162e-05
0
6.09162e-05
0
0.000365497
0
6.09162e-05
0
0
0
0
0.000182749
0.000121832
0
6.09162e-05
6.09162e-05
0
0
0
6.09162e-05
0.000121832
0.000121832
6.09162e-05
0.000243665
0
0
0
0
0.000121832
0.000121832
0
0
6.09162e-05
0
0
0
0
6.09162e-05
0.000121832
6.09162e-05
0
0
0
6.09162e-05
0
0
0
0
0.000121832
0
6.09162e-05
0.000121832
0
6.09162e-05
0
0
0
6.09162e-05
6.09162e-05
0
0
0
0.000121832
0
0
0
0.000162443
8.12216e-05
8.12216e-05
8.12216e-05
0.000171999
8.12216e-05
0
0
8.12216e-05
0
0
0
0
8.12216e-05
0
0.000162443
0
0
0.000162443
0
0.000324886
0.000162443
8.12216e-05
0.000162443
8.12216e-05
0
0
0.000162443
8.12216e-05
8.12216e-05
0.000162443
0
0
8.12216e-05
0
0.000162443
0
8.12216e-05
0.000324886
0
8.12216e-05
0
8.12216e-05
0
8.12216e-05
0
0
8.12216e-05
0
0
0
0
8.12216e-05
0
8.12216e-05
8.12216e-05
0.000162443
0
8.12216e-05
8.12216e-05
0.000162443
0
8.12216e-05
0
8.12216e-05
0
0
0
0
0
0.000162443
0
8.12216e-05
0
0
0
8.12216e-05
8.12216e-05
0.000162443
0
0
0
0
0
8.12216e-05
0.000162443
8.12216e-05
0
8.12216e-05
0
0
0.000162443
8.12216e-05
0
8.12216e-05
8.12216e-05
0
0
0
0
0
0
0
8.12216e-05
0
0
0
0.000324886
0.000257998
0
8.12216e-05
0
0.000162443
0
8.12216e-05
0.000162443
0
0.000162443
0.000162443
0.000162443
0
0
0
0
0
0
0
8.12216e-05
8.59993e-05
0.000243665
0
0
0
0
0
0
0
8.12216e-05
8.12216e-05
8.12216e-05
0
0
0
0
0
0
0.000162443
0.000171999
8.12216e-05
0
0
8.12216e-05
0
0
8.12216e-05
0.000162443
0
8.12216e-05
8.12216e-05
0
0
0
0.000162443
0
0.000324886
8.12216e-05
0
0
8.12216e-05
0
0
8.12216e-05
8.12216e-05
8.12216e-05
0
0
8.12216e-05
0
0
0
0
8.12216e-05
8.12216e-05
0
0
0
0
0
8.12216e-05
0
8.12216e-05
0
8.12216e-05
8.12216e-05
0
0.000162443
0.000162443
8.59993e-05
0.000162443
0
8.12216e-05
0
0
0
0
0
8.12216e-05
0
0
8.12216e-05
0
8.12216e-05
0
0
0.000324886
8.12216e-05
0
0
0
8.12216e-05
0
0.000162443
8.12216e-05
0
0
0.000162443
0
0
0.000162443
0
0
0
0
8.12216e-05
0.000162443
0.000257998
0.000243665
0
0.000243665
8.12216e-05
8.59993e-05
0
0
0.000162443
0
0
0
8.12216e-05
8.12216e-05
0
0.000429997
0
0
0
8.12216e-05
0
0
0.000162443
0
0.000243665
0
0
0.000257998
0
0
8.59993e-05
0.000162443
0
0.000162443
0
0
8.12216e-05
0.000243665
0
0
0
0
0
0
0
8.12216e-05
0.000171999
8.12216e-05
0
0.000568551
0
8.12216e-05
0
0
0
0
0
8.12216e-05
0
0
0
0
0
0.000162443
0
0.000162443
0
8.12216e-05
0
0
0
0
8.12216e-05
0
0
0.000162443
0
0
0
0
0
0
0
0
8.12216e-05
0
0
8.12216e-05
0
0
8.12216e-05
0.000162443
0
0
0
0.000324886
0
0.000162443
8.12216e-05
0
0
0
0
0
0
0
0
0
0
0
7.68403e-05
0
0
0
0
0
4.10914e-05
0
0
8.21828e-05
0
0
0
4.10914e-05
0
0
0
4.10914e-05
0
0
0
0
0
0
0
0
0
0
0
0
0
8.21828e-05
0
0
0
8.21828e-05
0
0
0
4.10914e-05
4.10914e-05
4.10914e-05
0
4.10914e-05
0
4.10914e-05
4.10914e-05
0
0
0
0
0
0
4.10914e-05
0
0
0
0
0
4.10914e-05
0
0.000123274
4.10914e-05
0
0
8.21828e-05
0
8.21828e-05
4.10914e-05
0
0
0
0
0
0
8.21828e-05
0
0
0
0
0
0
4.10914e-05
0
0
0
0
0
0
4.10914e-05
0
0
4.10914e-05
0
0
0
0
0
0
0
8.21828e-05
0
0
4.10914e-05
0
8.21828e-05
0
0
0
0
4.10914e-05
4.10914e-05
0
0
4.10914e-05
0
0.000123274
0
0
0
0
0
0
0
4.10914e-05
0
4.10914e-05
0
0
0
0
8.21828e-05
0
0
0
0
0
4.10914e-05
0
4.10914e-05
0
0
4.10914e-05
8.21828e-05
4.10914e-05
8.21828e-05
0
4.10914e-05
0
0
0
0
4.10914e-05
0
0
0
0
0
0
0
0
0
0
0
0
0
4.10914e-05
0
8.21828e-05
4.10914e-05
0
4.10914e-05
0
4.10914e-05
0
4.10914e-05
0
0
0
0
0
0
0
0
0
0
0
0
0
0
0
0
0
0
0
0
0
8.21828e-05
4.10914e-05
4.10914e-05
0
4.10914e-05
0
0
0
0
0
0
0
0
0
0
0.000123274
4.10914e-05
0
8.21828e-05
0
0
0
0
0
0
4.10914e-05
0
0
0
0
0
4.10914e-05
0
0
0.000123274
0
0
0
0
0
0
0
0
0
0
0
0
0
0
0
0
4.10914e-05
0
0
0
0
4.10914e-05
8.21828e-05
0
4.10914e-05
4.10914e-05
0
0
4.10914e-05
0
0
4.10914e-05
0
0.000123274
0
0
0
4.10914e-05
8.21828e-05
0
0
0
0
0
0
0
0
0
0
0.000123274
0
0
4.10914e-05
8.21828e-05
0
4.10914e-05
0
0
0
0
8.21828e-05
4.23442e-05
4.10914e-05
0
0
0
4.10914e-05
4.10914e-05
4.10914e-05
0
0
4.10914e-05
0
4.10914e-05
4.10914e-05
4.10914e-05
4.10914e-05
4.10914e-05
0
8.21828e-05
0
0
0
4.10914e-05
0
4.10914e-05
0
0
0
0
4.10914e-05
4.10914e-05
0
4.10914e-05
0
0
0
0
8.21828e-05
0
0
0
0
0
0
0
0
4.10914e-05
4.23442e-05
4.10914e-05
0
4.10914e-05
0
0
0
0
0
0
0
0
0
4.10914e-05
0
4.10914e-05
4.10914e-05
0
0
0
0
0
0
0
0
0
4.10914e-05
0
0
0
0
0
0
8.21828e-05
4.10914e-05
0
0
0
0
0
0
0
0
4.10914e-05
0
0
0
0
0
4.10914e-05
0
4.10914e-05
0
0
0
0
4.10914e-05
0
0
4.10914e-05
8.21828e-05
0
4.10914e-05
0
0
0.000123274
0
0
0
0
0
0
0
0
0
8.21828e-05
0
4.10914e-05
0
4.23442e-05
0
0.000123274
0
4.10914e-05
0
0
0
0
0
4.10914e-05
0
8.21828e-05
4.10914e-05
0
8.21828e-05
8.21828e-05
4.10914e-05
8.21828e-05
0
0
4.10914e-05
0
0
0
0
0
0
4.10914e-05
0
4.10914e-05
0
0
0
0
4.10914e-05
0
0
0
0
0
0
0
0
0
0
0
4.10914e-05
0
0
0
0
0
4.10914e-05
0
0
0
0
0
4.10914e-05
0
0
0
0
4.10914e-05
0
0
0
8.46883e-05
0
0
0
0
0
0
0
0
0
0
0
4.10914e-05
0
4.10914e-05
0
4.10914e-05
0
0
8.21828e-05
0
0
0
4.10914e-05
0
0
0
4.10914e-05
0
0
4.10914e-05
0
4.23442e-05
0
0
4.10914e-05
4.10914e-05
0
4.10914e-05
8.21828e-05
8.21828e-05
0
8.21828e-05
0
0.000127033
4.10914e-05
0
0
0
0
4.10914e-05
0
0
4.10914e-05
0
0
0
0
0
0
4.10914e-05
0
0
0
0
4.10914e-05
8.46883e-05
0
0
4.10914e-05
0
0
4.10914e-05
4.10914e-05
0
0
0
0
0
0
0
0
0
0
0
0
0
4.10914e-05
0
0
0
0
0
0
0
0
0
0
4.23442e-05
4.10914e-05
4.10914e-05
0
4.10914e-05
0
0
0
8.46883e-05
0
0
4.10914e-05
0
0
0
8.21828e-05
0
0
0
0
0
0
0
4.10914e-05
0
0
4.10914e-05
0
0
4.23442e-05
0
4.10914e-05
4.10914e-05
4.10914e-05
0
4.10914e-05
0
0
0
0
8.21828e-05
0
0
0
0
0
4.10914e-05
0
4.10914e-05
4.10914e-05
4.10914e-05
0
0
0
0
0
0
0
4.10914e-05
0
0
0
4.10914e-05
0
0
4.10914e-05
0
0
0
0
4.10914e-05
0
0
4.10914e-05
0
0
0
0
4.10914e-05
0
4.10914e-05
0
0
0
0
4.10914e-05
0
4.10914e-05
0
0
0
0
0
4.58379e-05
0.000137514
0.00022919
4.58379e-05
0
0.000137514
0
9.16758e-05
0
9.16758e-05
4.58379e-05
0.00022919
0
0
4.58379e-05
0
0
9.16758e-05
0.000137514
0
4.58379e-05
0
0
0
0
0
0
4.58379e-05
0
9.16758e-05
0
0.000137514
9.16758e-05
4.58379e-05
0.00022919
0
0
0
4.58379e-05
9.16758e-05
0
0
0
9.16758e-05
4.58379e-05
9.16758e-05
0
0
0.000137514
4.58379e-05
4.58379e-05
9.16758e-05
0
0
0
0
9.16758e-05
0.000137514
0
0
0.000137514
0
4.58379e-05
0
9.16758e-05
0
0
9.16758e-05
0
0.000137514
0
0
4.58379e-05
0
0.000137514
4.58379e-05
4.58379e-05
9.16758e-05
0
0.00022919
0
9.16758e-05
0
0.000137514
0.000137514
0
0
0
0.000137514
0
0.000137514
4.58379e-05
9.16758e-05
4.57624e-05
4.58379e-05
0.000137514
4.58379e-05
9.16758e-05
0
0.000137514
0.00022919
4.58379e-05
0.000137514
9.16758e-05
0
9.16758e-05
4.58379e-05
9.16758e-05
0
0
0
0
0
9.16758e-05
9.16758e-05
4.58379e-05
9.16758e-05
0
0.000137514
0
0
0
0.000137514
9.16758e-05
0.000137514
0
4.58379e-05
9.16758e-05
9.16758e-05
0.000183352
0
4.58379e-05
0
0
9.16758e-05
4.58379e-05
0
4.58379e-05
0
0
0
4.58379e-05
0
4.58379e-05
0.00022919
0.000137514
0.000137514
4.58379e-05
9.16758e-05
0.000137514
0
0
0
9.16758e-05
9.16758e-05
0.000275028
0
9.16758e-05
4.58379e-05
4.58379e-05
9.16758e-05
0
0
0
4.58379e-05
9.46432e-05
0
0.00022919
0.000137514
0.000137514
0.000137514
0
9.16758e-05
9.16758e-05
0
4.58379e-05
4.58379e-05
4.58379e-05
0
0
0
0
0
0
4.58379e-05
4.58379e-05
9.16758e-05
0
4.58379e-05
0
0
0.000137514
0
0.000137514
9.16758e-05
0.000183352
9.16758e-05
9.16758e-05
0.000366703
4.58379e-05
0
9.16758e-05
0
9.16758e-05
9.16758e-05
9.16758e-05
0
0.000137514
0
0
4.58379e-05
0.000137514
0
4.58379e-05
0.000137514
0
4.58379e-05
0
0
9.16758e-05
0
0
4.58379e-05
0
0.000275028
9.16758e-05
0
0
0
0
4.58379e-05
0
0.000183352
0.000137514
0
9.16758e-05
0
9.16758e-05
0
9.16758e-05
0.000183352
0
0.000137514
4.58379e-05
4.58379e-05
0.000137514
4.58379e-05
0
4.58379e-05
9.16758e-05
0
0
4.73216e-05
0
9.16758e-05
0
0
4.58379e-05
0
0
0
0.000137514
0
0
0.000137514
0
0
0
0.00022919
4.58379e-05
4.58379e-05
4.58379e-05
0.000183352
9.16758e-05
0
4.58379e-05
0
9.16758e-05
0
0.000137514
0
0
4.58379e-05
0
0.000183352
0
0.000137514
4.58379e-05
0.000137514
0
0
0.000137514
4.58379e-05
9.16758e-05
0
0
0
4.58379e-05
9.46432e-05
0.000183352
0
0
9.16758e-05
9.16758e-05
9.16758e-05
0
0
0
0
4.58379e-05
9.16758e-05
4.58379e-05
0
4.58379e-05
0.000137514
0.000183352
9.16758e-05
0
0
4.58379e-05
4.58379e-05
0
0
0
0
0
0
0.00022919
0
0
0
0
9.16758e-05
4.58379e-05
0.000141965
0
0
4.58379e-05
0
0
9.16758e-05
0
9.16758e-05
0
0
9.16758e-05
4.58379e-05
9.16758e-05
4.58379e-05
0.000183352
4.58379e-05
0.000183352
9.16758e-05
9.16758e-05
0.000141965
9.16758e-05
0
0
0
0.000137514
0
0.000189286
4.58379e-05
0
9.16758e-05
0
4.58379e-05
0
0
4.58379e-05
0.000275028
4.73216e-05
0
0.000137514
0
9.16758e-05
0.000137514
0
0
0
0
0.000137514
0
9.16758e-05
4.58379e-05
0
0
0
4.58379e-05
4.73216e-05
0
0.000137514
0
4.58379e-05
0.000183352
0
0
0.00022919
0
4.58379e-05
4.58379e-05
0
9.16758e-05
0
0.000183352
0.000137514
0.000137514
4.58379e-05
4.58379e-05
0
0
9.16758e-05
0
0
0
0
4.58379e-05
0
0.000275028
0
4.58379e-05
0
4.58379e-05
0
0
0
0.000137514
4.58379e-05
0
9.16758e-05
0.000137514
0.00022919
0
9.16758e-05
0
0
0
9.16758e-05
0
0
4.58379e-05
4.58379e-05
0
0
0
0
9.16758e-05
4.58379e-05
0
9.16758e-05
0.00022919
0
0
0.000183352
4.58379e-05
4.58379e-05
0
0
0
0.000137514
4.58379e-05
0
0
0.000137514
9.16758e-05
0
0.000183352
9.16758e-05
0
0
0.00022919
0
4.58379e-05
0.000137514
9.16758e-05
0.000137514
0
0.000183352
0
9.16758e-05
0
0
0.000137514
9.46432e-05
0.000137514
0
0
0
4.58379e-05
0.000183352
0
0
0
0
4.58379e-05
0
0
4.58379e-05
0
0
4.58379e-05
4.58379e-05
4.58379e-05
0
0
4.58379e-05
0
0
4.58379e-05
0
0.000275028
0
0
4.58379e-05
0
0
0
4.58379e-05
9.16758e-05
0.000137514
0
0
0.000137514
0.000137514
0
0
0
4.58379e-05
0
0
0.000275028
0.000137514
4.58379e-05
0
0
9.16758e-05
0
9.16758e-05
0
0.000137514
0.000183352
9.16758e-05
4.58379e-05
0
9.16758e-05
4.58379e-05
4.58379e-05
4.58379e-05
4.58379e-05
4.58379e-05
0
4.58379e-05
0.00022919
0
9.16758e-05
0
0
0
0.000137514
0
0.000137514
0.00022919
4.58379e-05
9.16758e-05
0
9.16758e-05
0
0
0.00022919
9.16758e-05
4.58379e-05
9.16758e-05
0.000137514
0
0
4.58379e-05
0
0.000275028
4.58379e-05
4.58379e-05
4.58379e-05
9.16758e-05
0
0
4.58379e-05
9.46432e-05
0
0
4.58379e-05
0.000137514
0
0
0
0
4.58379e-05
4.58379e-05
0.000137514
0
4.58379e-05
9.16758e-05
0
0.000179598
0
5.98659e-05
6.0518e-05
5.98659e-05
0
0
0.000239464
0
0
0
0
0
5.98659e-05
0
0
0
5.98659e-05
0.000119732
0.000239464
5.98659e-05
0.000119732
0.000119732
0
5.98659e-05
5.98659e-05
5.98659e-05
0
0
0
0.000119732
0
5.98659e-05
0.000239464
0.000179598
0
0.000239464
0
0.000119732
5.98659e-05
0.000119732
0
0.000119732
0
0
0
5.98659e-05
0
0
0
0
0
0
0.000119732
0.000119732
0
0.000119732
0.00029933
5.98659e-05
0
5.98659e-05
0.000119732
0
0
5.98659e-05
0.000119732
5.98659e-05
5.98659e-05
0.000119732
0
0.000119732
0
0.00029933
5.98659e-05
0.000179598
0
0
0.000239464
0
0
0
0
0.000119732
0
5.98659e-05
5.98659e-05
0.000179598
0
0
5.98659e-05
0
0
0
5.98659e-05
5.98659e-05
0.000119732
0
0.000119732
0.000179598
5.98659e-05
0.000179598
0.000119732
0.000179598
0.000179598
0.000119732
5.98659e-05
5.98659e-05
5.98659e-05
0.000119732
0
5.98659e-05
0.000119732
0.00029933
0
0
0.000239464
5.98659e-05
5.98659e-05
0
0
5.98659e-05
5.98659e-05
0
5.98659e-05
0.000119732
5.98659e-05
0.000119732
0.000119732
0
5.98659e-05
0.000119732
0
0.00030259
0
0
0
5.98659e-05
0.000119732
5.98659e-05
0
5.98659e-05
0
0
0
0
0
0
5.98659e-05
5.98659e-05
5.98659e-05
0
5.98659e-05
0.000119732
0
0.000119732
5.98659e-05
0
0
0
0
0
0
5.98659e-05
0
5.98659e-05
0
0
5.98659e-05
5.98659e-05
0
5.98659e-05
0.000179598
0
0
0
0
5.98659e-05
0
5.98659e-05
5.98659e-05
0
0
5.98659e-05
6.0518e-05
0
0
5.98659e-05
0
5.98659e-05
0
0
5.98659e-05
0
5.98659e-05
0.000179598
5.98659e-05
0
0
0
0
0
0
0
0.000121036
0
0
0.000179598
0
0
5.98659e-05
0.000179598
5.98659e-05
5.98659e-05
0.000119732
0
0
0.000119732
5.98659e-05
0.00029933
5.98659e-05
0
0
5.98659e-05
0
0
5.98659e-05
0.000119732
0
0
0.000179598
5.98659e-05
5.98659e-05
0.000119732
5.98659e-05
0
0.000119732
0.000179598
0.000239464
5.98659e-05
0
0
0.000119732
0.000119732
0
5.98659e-05
0
0
0
0
5.98659e-05
5.98659e-05
5.98659e-05
0
5.98659e-05
5.98659e-05
0
0
0
5.98659e-05
0.000119732
5.98659e-05
0
0
0
0
0.00029933
5.98659e-05
0
0.000119732
5.98659e-05
0
5.98659e-05
5.98659e-05
0
0
0.000179598
5.98659e-05
0
5.98659e-05
0
0
0.000119732
0
0.000119732
0.000119732
0
0
0
0
5.98659e-05
0.000239464
0.000179598
0.000179598
0.000119732
0
5.98659e-05
0
0
5.98659e-05
0.000119732
0
0
0.000119732
0.000119732
5.98659e-05
0
5.98659e-05
5.98659e-05
0
0
0
5.98659e-05
0
0
0
0
0
5.98659e-05
0
0
5.98659e-05
0
0.000239464
0
0.000179598
0
0
0
0
0
0
5.98659e-05
0.000119732
0
0
0
5.98659e-05
0.000119732
5.98659e-05
5.98659e-05
0
0
0
0.000179598
0
5.98659e-05
0
0.000179598
5.98659e-05
5.98659e-05
0.000239464
0
0
0
5.98659e-05
5.98659e-05
0
0
0
0
0.000179598
5.98659e-05
0
0
0
0.000119732
5.98659e-05
0
0
0.000119732
0
0.000179598
0.000119732
0
0
5.98659e-05
0
5.98659e-05
0
0
5.98659e-05
0
0.000181554
0.000179598
0
5.98659e-05
0
0
0.000119732
0
0
0
0
5.98659e-05
0
0.000119732
5.98659e-05
0.000119732
5.98659e-05
0
0
5.98659e-05
5.98659e-05
0
0
5.98659e-05
0
5.98659e-05
0
5.98659e-05
0.000119732
0
0
0
0
0
5.98659e-05
0
0.000119732
0
0
0
0
0
0
0
5.98659e-05
0
0
0
5.98659e-05
5.98659e-05
0.000119732
5.98659e-05
5.98659e-05
0
0
0.000119732
0.000119732
0
0.000119732
0.000179598
5.98659e-05
5.98659e-05
0.000359195
0
0.000119732
0
0
0
0
0
0
0
5.98659e-05
0
0
0
0
0
0
0.000239464
0
5.31124e-05
5.83567e-05
0
0
5.83567e-05
0
0
5.83567e-05
0.000116713
0
0
0
5.83567e-05
0
5.83567e-05
0
0
0
0
5.83567e-05
0
5.83567e-05
0.000116713
0.000116713
0
5.83567e-05
5.83567e-05
0.00017507
0.000116713
5.83567e-05
0
0
0
5.83567e-05
0
0
0
0
0
0
5.83567e-05
0
0
0
0
0
5.83567e-05
0
0
0.000291783
0
0.000116713
0
0
5.83567e-05
0
0
0
5.83567e-05
0
0
0.000116713
5.83567e-05
0
5.83567e-05
0
0.000116713
0
0
0.000116713
0
0
0
5.83567e-05
0
0
5.83567e-05
0.000116713
5.83567e-05
5.83567e-05
0
5.83567e-05
0
5.83567e-05
0
0.00017507
0
0.000116713
0.00017507
0
0.000116713
0
0
0
0
0
0
0
5.83567e-05
5.83567e-05
5.86029e-05
5.83567e-05
0
5.83567e-05
5.83567e-05
0.000116713
0.000116713
0
5.83567e-05
0
0.000233427
0.000116713
0
0
0
0
0
0
5.83567e-05
0.000116713
0
0
0
0.000116713
0
0
0.00017507
0.000233427
0
5.83567e-05
0
0
5.83567e-05
0
0
0
5.83567e-05
0.000116713
5.83567e-05
0.00017507
5.83567e-05
5.83567e-05
5.83567e-05
0.000116713
0.000116713
0
0
0.00017507
0.000116713
0.00017507
5.83567e-05
0.000233427
5.83567e-05
0
0
5.83567e-05
5.83567e-05
5.83567e-05
0.000116713
0
0
0
0.000408497
5.83567e-05
0
0.00017507
5.83567e-05
5.83567e-05
5.83567e-05
0
5.83567e-05
0
5.83567e-05
5.83567e-05
5.83567e-05
0
0
0
0.000116713
0
0.000116713
0.00017507
0
5.83567e-05
0
5.83567e-05
5.83567e-05
0
0.00017507
0
0
0.00017507
5.83567e-05
0
0.000233427
0.000116713
5.83567e-05
0
0
0
0
5.83567e-05
0.00017507
0
0
0
0
0
0.00017507
0
5.83567e-05
0
0
0
0
0
5.83567e-05
5.83567e-05
0
5.83567e-05
0.000116713
0
0
0.000291783
0
0
0
0
0
0
0
5.83567e-05
0.000175809
5.83567e-05
0
0
0
0.000116713
5.83567e-05
0.000116713
0
0
0
5.83567e-05
0
0
0
5.83567e-05
0
0.00035014
0
0
0
0
0
0.00017507
0
5.83567e-05
0
0.000116713
5.83567e-05
0
0
0
0
0
0
5.83567e-05
0.000116713
0.000116713
0
0
0
0
5.83567e-05
0
0
0
0
0
0
5.83567e-05
0.000116713
5.83567e-05
0
5.83567e-05
0.000233427
0
0
0.000291783
0.000116713
5.83567e-05
5.83567e-05
0
0
0.000116713
0.000233427
0
0.00017507
0
0
0
0
0.000116713
0
0
0
5.83567e-05
0
0
5.83567e-05
0
0.000116713
0.00017507
0
0
0
0.00017507
0
5.83567e-05
0
0
0
0
0.00017507
0
0.000116713
0.000116713
0
0
0.00017507
5.83567e-05
0
0
5.83567e-05
0.000116713
0
0
0.000291783
0
0
5.83567e-05
0.000116713
0
0
0.000116713
0.00017507
0
0
0.000233427
5.83567e-05
5.83567e-05
0.000233427
0
5.83567e-05
0
0
0.000116713
5.83567e-05
0
0
5.83567e-05
0
5.83567e-05
5.83567e-05
0.000116713
0
0.000116713
0
0.000116713
0
5.83567e-05
0
5.83567e-05
5.83567e-05
0.000233427
0
5.83567e-05
5.83567e-05
0
0
0
0
0
0
5.83567e-05
0
0
0
0
5.83567e-05
0
0
5.83567e-05
5.83567e-05
0.000116713
0
0
0
0
0.000116713
0
0
5.83567e-05
0
0
0
0
0
0
0
0.000116713
0
0
5.83567e-05
0.000116713
0
5.83567e-05
0
0
0
0
5.83567e-05
5.83567e-05
0
5.83567e-05
0.000116713
0
5.83567e-05
0
0
0.00017507
0
0.000116713
0
0
0
0.00017507
5.83567e-05
0
0
0
0
0
0
0
5.83567e-05
0
0
0
0
0
5.83567e-05
0
0
0
5.83567e-05
0
0.000233427
0
0
0.00017507
5.83567e-05
0
0
5.83567e-05
0
0
0
5.83567e-05
5.83567e-05
0
0
5.83567e-05
0.000116713
0
9.07771e-05
0
0.000181554
0
9.07771e-05
0
0
0
0
9.07771e-05
0
9.07771e-05
0
0
9.07771e-05
9.07771e-05
0
0.000181554
0
0
0
9.07771e-05
0.000181554
0
0.000181554
9.07771e-05
0
0
0
9.07771e-05
0
9.07771e-05
0
0
0
0
0
0
0
0.000181554
9.07771e-05
0
0
0
0
0.000181554
0
0
0
0
0
0
0.000181554
9.07771e-05
0.000181554
0
0.000181554
0
0
9.07771e-05
9.07771e-05
0
0
0
9.07771e-05
0.000181554
0.000181554
9.07771e-05
9.07771e-05
0
0
9.07771e-05
0
0
9.07771e-05
9.07771e-05
0
0
0
0
9.07771e-05
0
0
0
0
0
0
0
9.25926e-05
0
0
0
0
0
0
0
0
0
0
0
9.07771e-05
9.07771e-05
0
0
0
0
0
0
0
0
9.07771e-05
0
0
0.000181554
0
0
0
0
0
0
0
0
0
0
0.000181554
0
0
0
0
0
0
0
0
0
0
0
0
0
0
9.07771e-05
0
9.07771e-05
0.000181554
9.07771e-05
0.000181554
0
9.07771e-05
0
0
0
0
0
9.07771e-05
0
0
0
0
0
9.07771e-05
0
0
0
0
0
0
0
9.07771e-05
0
9.07771e-05
0
0
0
0
9.07771e-05
0
0
0
0
9.07771e-05
0
0
9.07771e-05
0
0
0
9.07771e-05
0
0
0
0
0
0
0
0
0.000181554
0
0
0
0
0.000181554
0
0
0
0
0
0
0
0
0
0
0
9.07771e-05
9.07771e-05
0
0
0
0
0.000181554
0
0
9.07771e-05
0
9.07771e-05
0
0
0
0
0
9.07771e-05
9.07771e-05
0
0
0
9.07771e-05
9.07771e-05
0
0
0
0
0
9.07771e-05
0
0
0
0
0
0
0
0
0
0
0.000181554
0
0
0
0
0
0
0
0
0
0
0
0
0
0
0
0
0
0
9.07771e-05
0
0
0
0
9.07771e-05
0
0
9.07771e-05
0
0
9.07771e-05
0
0
0
0
0
0
0
0
0
0
0
9.07771e-05
0
0.000181554
9.07771e-05
0
0
0
9.07771e-05
9.07771e-05
0
0.000181554
0
0
0
0
0
0.000192901
0
0
0.000289352
0
0
0.000192901
0.000192901
9.64506e-05
0
0
0
0.000197006
0
0
9.64506e-05
0
0
9.64506e-05
9.85028e-05
9.64506e-05
0
9.64506e-05
9.64506e-05
9.64506e-05
0
0
0.000482253
0
9.64506e-05
0
0
0
9.64506e-05
0
9.64506e-05
0
0.000192901
0.000192901
9.64506e-05
0
9.64506e-05
0
0
0
0
0
9.64506e-05
9.64506e-05
0.000192901
0
9.64506e-05
0
0
0
9.64506e-05
0
0.000192901
0.000289352
0
0
9.64506e-05
0
0.000192901
0
0
0
9.64506e-05
0
0.000192901
9.64506e-05
0.000289352
9.64506e-05
0
0
9.64506e-05
0
0
9.64506e-05
0
0
9.64506e-05
0.000385802
0.000192901
9.64506e-05
9.64506e-05
0
0
9.64506e-05
0
9.64506e-05
0
9.64506e-05
0
0
9.64506e-05
0.000385802
0.000192901
9.85028e-05
0
9.64506e-05
9.64506e-05
9.64506e-05
0
0
0
0
0.000192901
0
9.64506e-05
9.64506e-05
0
0
0
9.64506e-05
0
0
0
0
0
9.64506e-05
0
0
0.000385802
9.64506e-05
9.64506e-05
9.64506e-05
0
9.64506e-05
0.000289352
9.85028e-05
9.64506e-05
0
9.64506e-05
0
0.000289352
9.64506e-05
0
0
9.64506e-05
0
0
0
0
9.64506e-05
0
9.64506e-05
9.64506e-05
0
0
0
0
9.64506e-05
0
0.000192901
0
0
0
0
0
9.64506e-05
0
0
0
0
0.000192901
9.64506e-05
0
0.000289352
0
9.64506e-05
9.64506e-05
0
0.000289352
0.000192901
0.000289352
0
0
9.64506e-05
0.000192901
0
0
0
0
0
0
0
0.000192901
0
0.000385802
0
0.000192901
0
0
0
0
0
0
0
0
0
0
0
0.000192901
0
0
9.64506e-05
0
0
0
0
9.64506e-05
0
0
0
0
0
0
0
9.64506e-05
9.64506e-05
9.64506e-05
0
0
9.64506e-05
0
9.64506e-05
9.64506e-05
0.000289352
0.000192901
0
0.000192901
0
0.000289352
0
0.000192901
0
0.000385802
9.64506e-05
9.64506e-05
0
0
0
9.64506e-05
0
0
9.64506e-05
0
9.64506e-05
9.64506e-05
0
9.64506e-05
9.64506e-05
0.000385802
9.64506e-05
0
0
0.000289352
9.64506e-05
9.64506e-05
0.000289352
0
0
0
9.64506e-05
9.64506e-05
0
0.000289352
0
0
0
9.64506e-05
0
0
0
9.64506e-05
9.64506e-05
9.64506e-05
0
9.64506e-05
0
9.64506e-05
9.64506e-05
9.64506e-05
0
0
4.70013e-05
4.70013e-05
9.40026e-05
0
0
0
0
0.000188005
4.70013e-05
0
9.40026e-05
0
4.70013e-05
9.40026e-05
0
4.70013e-05
4.70013e-05
4.70013e-05
0.000141004
4.70013e-05
0
9.40026e-05
4.70013e-05
0
0.000235007
0
0
4.70013e-05
0
0
4.70013e-05
9.40026e-05
4.70013e-05
0
0
0
4.70013e-05
0
9.40026e-05
0.000235007
0
4.70013e-05
0
0
0
4.70013e-05
0
0
0.000141004
0
0
0
0
4.70013e-05
9.40026e-05
0.000235007
0
0
0
0
9.40026e-05
9.40026e-05
0
0
0
0
0
0
9.40026e-05
0
9.40026e-05
0
0
0
0
0
0
4.70013e-05
0
9.40026e-05
0
0
0
0
0
0
9.40026e-05
0
4.70013e-05
9.40026e-05
9.40026e-05
0
0.000141004
0.000188005
0
0
9.40026e-05
9.40026e-05
0.000235007
4.70013e-05
0
0
0
4.70013e-05
9.40026e-05
0
4.70013e-05
0.000141004
4.70013e-05
4.70013e-05
0
0
0
0
0
4.70013e-05
0
0
0
0
9.40026e-05
0
9.40026e-05
0.000188005
0
0
0
0.000141004
9.40026e-05
9.40026e-05
9.40026e-05
0
0
9.40026e-05
0.000141004
0
4.70013e-05
0
0
0
4.70013e-05
0
0
0
4.70013e-05
0
0
0
0
4.70013e-05
4.70013e-05
4.70013e-05
0
0
4.70013e-05
4.70013e-05
0
0
9.40026e-05
0
0
0
4.70013e-05
4.70013e-05
0
0
9.40026e-05
0
0
9.40026e-05
4.70013e-05
0
0
4.70013e-05
4.70013e-05
4.70013e-05
0
0
4.70013e-05
0
0
0
4.70013e-05
0
0
4.70013e-05
0
0
4.70013e-05
0
0
4.70013e-05
4.70013e-05
0
4.70013e-05
0
0
9.40026e-05
4.70013e-05
4.70013e-05
4.70013e-05
4.70013e-05
0
9.40026e-05
9.40026e-05
4.70013e-05
0
0
9.40026e-05
4.70013e-05
0
0
0
4.70013e-05
4.70013e-05
0.000141004
0
0
0
0
9.40026e-05
4.70013e-05
0
4.70013e-05
0
4.70013e-05
0
0
0
0
0
0
0
0.000141004
0
9.40026e-05
0
9.56206e-05
0
0
0.000143431
0.000141004
0
4.78103e-05
0
0.000141004
0
0
0
0
4.70013e-05
0
4.70013e-05
0
0
4.70013e-05
0.000141004
0
9.40026e-05
0
0
0
9.40026e-05
0
9.40026e-05
4.70013e-05
0
0
4.70013e-05
4.70013e-05
0
0
0
4.70013e-05
4.70013e-05
0
0
9.40026e-05
4.70013e-05
0
0
0
0
0
0
0
4.70013e-05
4.70013e-05
9.40026e-05
0
0
0
0
4.70013e-05
0
0
4.70013e-05
0
0
0
9.40026e-05
0
0
0.000141004
4.70013e-05
0
0
4.70013e-05
0
4.70013e-05
4.70013e-05
4.70013e-05
0.000141004
4.70013e-05
0
0
4.70013e-05
0
0
9.40026e-05
0
0
0
9.40026e-05
0
4.70013e-05
0
0
9.40026e-05
0
0
0
0
0
0.000141004
4.70013e-05
0
0
0
0
0.000188005
4.70013e-05
0
0.000141004
0.000188005
0
0
0
9.40026e-05
4.70013e-05
0.000235007
0
9.40026e-05
0
4.70013e-05
0
0
4.70013e-05
0
4.70013e-05
0
0
4.70013e-05
0
4.70013e-05
9.40026e-05
0.000141004
4.70013e-05
0
0
0
9.40026e-05
9.40026e-05
0
9.40026e-05
0
0
0.000141004
4.70013e-05
0
9.40026e-05
0
9.40026e-05
9.40026e-05
0
0
0
0
0.000188005
4.70013e-05
4.70013e-05
4.70013e-05
4.70013e-05
4.70013e-05
4.70013e-05
4.70013e-05
0
0
4.70013e-05
0
0
0
4.70013e-05
0
9.40026e-05
9.40026e-05
9.40026e-05
0
9.40026e-05
0
0.000141004
0
9.40026e-05
0
0
4.70013e-05
0
0
0
0
9.40026e-05
4.70013e-05
4.70013e-05
0.000141004
0.000141004
9.40026e-05
4.70013e-05
0
9.40026e-05
0.000141004
0
4.70013e-05
0
0
0.000141004
0.000188005
9.40026e-05
0
0
0
0
9.40026e-05
4.70013e-05
0
9.40026e-05
4.70013e-05
4.70013e-05
0
0
9.40026e-05
0.000235007
9.40026e-05
0.000235007
0
4.70013e-05
0
9.40026e-05
0
9.40026e-05
0.000188005
0
0
4.70013e-05
4.70013e-05
0
9.40026e-05
0
9.40026e-05
0
4.70013e-05
0
0
9.40026e-05
0
0.000141004
9.56206e-05
0.000141004
4.70013e-05
0
4.70013e-05
0
0
9.40026e-05
0
4.70013e-05
4.70013e-05
4.70013e-05
4.70013e-05
0
0
4.70013e-05
0.000141004
0.000188005
0
0
0
9.40026e-05
9.40026e-05
0
0
0.000329009
0
0
4.70013e-05
9.40026e-05
0
4.78103e-05
0
0
0.000141004
0
0
0
0
4.70013e-05
0.000141004
0
0
0.000141004
0
9.40026e-05
4.70013e-05
0
0
0
0
0
4.70013e-05
0
9.40026e-05
0.000141004
0
4.70013e-05
0
4.70013e-05
4.70013e-05
0
0
0.000188005
9.40026e-05
4.70013e-05
4.70013e-05
0
9.40026e-05
0
4.70013e-05
4.70013e-05
0
0
0
0
0
0
9.40026e-05
0
0
9.40026e-05
0.000141004
0.000188005
0
0
4.70013e-05
4.70013e-05
0
0
0
4.70013e-05
4.70013e-05
4.70013e-05
9.40026e-05
0.000141004
9.40026e-05
4.70013e-05
0
4.70013e-05
9.40026e-05
0
9.40026e-05
0
9.40026e-05
0
9.40026e-05
9.40026e-05
4.70013e-05
4.70013e-05
0.000141004
9.40026e-05
0
0
0
0.000258398
0.000510765
7.85793e-05
0.000314317
0.000942951
0.000275028
0.000471476
0.000117869
0.000589345
0.000589345
0.000353607
0
0
0.000196448
0.000117869
0.000157159
0.000117869
0.000157159
0.000235738
9.25926e-05
7.85793e-05
7.85793e-05
0.000314317
7.85793e-05
0.000471476
0.000510765
7.85793e-05
0.000185185
0.000324074
0.000185185
0.000196448
0.000117869
0.000117869
0.000314317
0
0.000117869
7.85793e-05
0.000432186
0.000235738
0.000196448
0
0.000667924
0.000471476
0.000138889
0.000196448
0.000510765
0.000471476
0.000416667
0.000196448
0.000138889
0
0
0
0.000157159
0.000157159
0.000196448
0.000157159
3.92896e-05
4.62963e-05
0.000432186
0.000471476
0.000235738
7.85793e-05
7.85793e-05
0.000353607
3.92896e-05
0.000235738
0.000903662
0.000510765
0.000785793
0.000196448
0
0.000275028
0.000864372
0
0.000117869
0
0.000117869
3.92896e-05
0.000231481
3.92896e-05
3.92896e-05
0.000648148
0.000275028
0.000550055
0
0.000462963
0.000117869
7.85793e-05
0.000667924
0.000138889
0.000196448
0.000235738
0.000324074
0.000353607
0.000235738
0.000157159
0.000235738
0.000785793
0.000117869
0.000235738
0
0
0.000353607
0.000235738
0
0.000157159
0
3.92896e-05
7.85793e-05
0
0.000231481
0
3.92896e-05
0.000392896
3.92896e-05
0.000432186
0.000157159
0.000550055
0.000392896
0.000157159
0.000235738
0.000235738
0.000432186
0.000157159
0.000353607
0.000510765
0
3.92896e-05
0.000117869
0
3.92896e-05
0.000277778
0
0.000157159
0.000196448
0.000509259
0.000117869
0.000196448
0.000196448
0.000324074
0.000314317
0
0
0.000235738
0.000196448
0.000471476
0.000138889
0.000589345
7.85793e-05
3.92896e-05
3.92896e-05
0.000185185
0
0
0.000746503
0.000277778
0.000235738
0.000231481
0.000432186
0
0.000117869
0.000117869
0.000275028
0.000510765
0.000353607
0.000314317
0.000785793
0.000235738
0.000353607
0
0.000277778
0
0.000117869
0.000235738
0.000432186
0.000746503
0.000462963
0.000235738
0.000275028
0
0.00102153
0.000275028
3.92896e-05
0.000550055
7.85793e-05
0.000185185
0
0.000235738
0
0
0.000324074
0.000117869
0
0.000462963
3.92896e-05
0.000196448
0
0.000157159
0
0
0.000324074
0.000235738
0.000353607
0.000392896
0
0
0.000314317
0
0.000275028
0.000117869
0.000314317
3.92896e-05
7.85793e-05
0
0.000555556
0.000117869
0
0.000510765
0.000509259
0.000432186
0
0.000392896
0.000314317
0.000314317
0.000550055
0
0
0.000117869
0.000555556
0.000157159
0.000157159
0.000471476
0.000157159
0.000555556
0.000117869
0.000157159
0
0.000275028
0.000157159
0
9.25926e-05
0.000196448
0.000314317
0.000432186
0.000235738
0.000740741
0
0.000117869
3.92896e-05
0.000117869
0.000117869
0.000117869
0.000314317
3.92896e-05
0.000196448
7.85793e-05
0.000196448
0.000740741
0
3.92896e-05
3.92896e-05
0.000235738
0
7.85793e-05
0.000117869
0
3.92896e-05
0.000550055
0
3.92896e-05
3.92896e-05
0
0.000555556
0.000157159
0
0.000157159
0
0.000235738
0.000471476
0.000235738
0.000157159
0
7.85793e-05
0.000138889
0.000275028
0.000648148
0.000157159
0.000157159
0.000157159
9.25926e-05
0
0
0.000353607
0
3.92896e-05
3.92896e-05
0.000275028
0.000432186
0.000392896
0.000707214
3.92896e-05
0.000138889
0.000117869
0
0.000138889
0
0.000314317
0.000157159
0.000432186
0.000138889
0.000314317
0.000117869
0.000314317
0.000117869
0.000235738
7.85793e-05
0
0.000667924
0
0.000275028
3.92896e-05
0.000157159
0.000157159
0.000277778
0
0.000471476
7.85793e-05
0.000235738
0.000510765
0.000392896
0.000275028
0.000353607
0.000510765
0
0
7.85793e-05
0.000117869
0.000157159
0.000471476
0
3.92896e-05
7.85793e-05
0
0.000117869
0.000589345
0.000275028
0
3.92896e-05
0.000667924
0
0.000275028
7.85793e-05
0.000353607
0.000648148
0.000275028
0.000353607
0.000509259
0.000275028
0
0.000117869
9.25926e-05
0.000235738
0.000196448
0.000353607
0.000157159
0.000235738
0.000196448
0.000471476
0.000392896
7.85793e-05
0.000235738
7.85793e-05
0.000117869
3.92896e-05
3.92896e-05
0.000117869
3.92896e-05
0
0.000196448
0
0.000157159
7.85793e-05
0.000235738
0.00037037
0.000196448
3.92896e-05
7.85793e-05
0.000314317
0.000196448
3.92896e-05
0.000471476
0
0.000185185
0.000825082
0.000117869
0.000510765
0.000550055
0
0.000185185
0.000196448
0.000392896
0.000314317
0.000314317
0.000746503
0.000196448
0.000196448
0.000235738
0.000196448
0.000275028
0.000550055
0.000314317
0.000589345
0.000314317
0
0.000138889
0.000157159
3.92896e-05
0.000275028
7.85793e-05
0.000353607
0.000416667
0.000157159
0.000462963
0.000117869
0.000235738
0
0.000196448
0.000432186
0.000157159
0.000117869
9.25926e-05
0.000432186
0.000157159
0
3.92896e-05
0.000589345
7.85793e-05
0
0.000117869
3.92896e-05
0.000275028
0.000117869
0.000353607
0.000235738
0
0.000117869
0
0.000196448
0.000601852
0
9.25926e-05
0
0.000235738
7.85793e-05
0
0.000117869
0.000157159
0.000275028
0.000117869
0.000157159
3.92896e-05
0.000392896
0.000275028
3.92896e-05
0.000235738
0.000432186
0.000601852
7.85793e-05
0.000589345
0
0.000196448
0.000277778
0.000235738
0.000432186
0.000157159
0
0.000432186
0
0
7.85793e-05
0.000432186
0.000235738
0.000392896
0.000117869
0
0
0.000235738
0.000462963
0.000903662
0
0.000196448
0.000432186
3.92896e-05
0.000314317
7.85793e-05
0
3.92896e-05
0.000314317
3.92896e-05
0
0.000185185
0.000231096
7.85793e-05
7.85793e-05
0.000196448
0.000157159
0.000157159
0.000157159
7.85793e-05
0.000392896
3.92896e-05
0
0
0
0.000314317
7.85793e-05
0
0.000157159
3.92896e-05
0.000392896
0
0
0
0.000275028
0
0.000314317
0.000510765
7.85793e-05
7.85793e-05
0.000117869
0.000231481
9.25926e-05
4.62963e-05
0.000235738
0
0
0.000157159
0.000185185
0
0.000117869
0.000353607
0.000235738
0
0.000117869
0.000353607
0.000275028
3.92896e-05
3.92896e-05
0.000353607
3.92896e-05
7.85793e-05
0
0.000589345
0
0.000277778
0.000196448
0.000117869
0.000277778
0.000231481
0.000324074
0.000117869
0.000185185
0
0.000471476
0
0.000746503
0.000864372
0.000353607
3.92896e-05
0.000275028
0
0.000117869
0
0.000353607
9.25926e-05
0.000157159
0.000157159
0.000157159
0.000157159
0.000510765
0.000117869
0
0.000416667
0
0.000157159
3.92896e-05
0.000353607
0.000277778
0
0.000117869
0
0
0.000235738
0.000231481
7.85793e-05
0.000196448
0.000471476
0.000550055
0
0
0.000392896
3.92896e-05
7.85793e-05
0.000353607
0
0.000157159
0.000471476
3.92896e-05
0.000432186
0.000628634
0.000314317
0
0.000117869
0.000235738
0.000117869
0.000235738
0.000275028
7.86906e-05
0.000196448
0.000277778
0.000196448
0.000231481
0.000392896
7.85793e-05
0.000324074
0.000275028
0.000185185
0.000432186
0.000432186
0.000353607
0.000157159
7.85793e-05
0.000117869
0.000117869
0.000353607
0.000157159
0.000196448
0.000185185
0.000235738
0.000117869
0.000157159
0
3.92896e-05
0.000432186
7.85793e-05
0.000196448
0.000275028
0.000314317
0
0.000392896
0.000117869
0.000196448
7.85793e-05
3.92896e-05
0.000275028
0.000117869
0.00137514
0
0.000275028
3.92896e-05
0.000117869
0.000353607
0
0.000432186
7.85793e-05
0.000235738
0.000667924
0.000196448
0.000550055
3.92896e-05
0.000432186
0.000235738
0.000314317
0.000392896
0
3.92896e-05
0.000353607
0.000196448
0.000157159
0.000157159
3.92896e-05
0.000314317
3.92896e-05
0
7.85793e-05
0.000314317
0.000157159
0.000231481
0.000157159
0.000157159
0.000157159
0
0.000589345
0.000471476
0
0
0.000510765
7.85793e-05
0.000235738
0.000353607
0.000157159
0.000275028
0
0.000471476
0.000138889
0
0
0
0
0
0
0
0
0
0
0
0
6.40041e-05
0
0
0
6.40041e-05
0
0.000256016
0
0
0.000128008
0
0.000640041
0.000128008
0
0.000128008
0.000128008
0.000128008
0
0
0
0
0
0
0
0
0
0.000128008
0.000192012
0
0
0.000128008
0
0
0
0.000128008
0
0
0
0
0
6.40041e-05
0
6.40041e-05
0
6.40041e-05
0
6.40041e-05
0
0.000192012
0
6.40041e-05
6.40041e-05
6.40041e-05
0
0
6.40041e-05
0.000256016
0
6.40041e-05
0
0.000320021
0.000256016
0
0
0
0
0
0.000128008
0
0
6.40041e-05
0.000192012
0
0
0.000128899
0
0
0
0.000128008
0
0
0
0.000128008
0
0
0
6.40041e-05
6.40041e-05
6.40041e-05
6.40041e-05
6.40041e-05
0
0
6.40041e-05
0
0
0.000256016
0
0.000128008
6.40041e-05
0.000192012
0
0
0
6.40041e-05
0
0
0
0.000128008
0
6.44496e-05
0
0
6.40041e-05
0
0
0
0.000192012
6.40041e-05
6.40041e-05
0
0
0
0.000128008
0
0
6.40041e-05
0
0
0
0
0.000192012
0
6.40041e-05
0.000384025
0
6.40041e-05
6.40041e-05
0.000192012
0.000192012
0.000128008
0.000128008
0
0.000192012
0
0.000128008
0.000192012
6.40041e-05
6.40041e-05
0
0
6.40041e-05
0.000128008
0.000128008
0
6.40041e-05
0
0.000128008
0
6.40041e-05
0
0.000128008
0.000128008
0
0.000128008
6.40041e-05
6.40041e-05
0
0
6.40041e-05
0
0
0
6.40041e-05
0.000128008
0
0
0
0
0
0
0
0
0.000256016
0
0.000128008
6.40041e-05
6.40041e-05
0.000128008
0
0
0.000320021
0.000128008
0
0
6.40041e-05
6.40041e-05
0
0.000192012
0
0
6.40041e-05
0.000128008
0
0
0
0.000128008
6.40041e-05
0
6.40041e-05
0
6.40041e-05
6.40041e-05
6.40041e-05
0
0.000128008
0
6.40041e-05
6.40041e-05
6.40041e-05
0
0.000128008
0
0.000128008
6.40041e-05
0.000192012
6.40041e-05
0
6.40041e-05
0
0.000128008
0
0.000384025
0
0
6.40041e-05
6.40041e-05
0
6.40041e-05
0.000576037
6.40041e-05
0.000128008
0
0.000192012
0.000192012
6.40041e-05
0
0
0
0
0
0
6.40041e-05
0
6.40041e-05
0.000128008
0
0
0
0
6.40041e-05
6.40041e-05
0
0
0.000128008
0.000256016
0
0
0.000128008
6.40041e-05
0
0.000256016
0
0.000128008
0
0
6.40041e-05
0.000128008
0
0
6.40041e-05
6.40041e-05
0.000128008
0.000128008
0
0
0.000256016
0
6.40041e-05
0
0
0.000192012
0.000192012
0
0
0
0
0.000256016
0
0
0.000128008
6.40041e-05
0
6.40041e-05
0
0
0
0
0
0
0
0.000128008
6.40041e-05
0
0.000128008
0.000128008
0
0.000192012
6.40041e-05
0
0.000128008
6.40041e-05
0
6.40041e-05
0.000192012
0.000128008
0
0.000128008
0
0
6.40041e-05
0
6.40041e-05
0
0
0
0
0.000384025
0.000128008
6.40041e-05
0
0.000192012
0.000128008
6.40041e-05
0
0
0
0.000128008
6.40041e-05
0.000192012
0
0
6.40041e-05
0
0
0
0
0
0
0
0.000192012
0
0
0.000192012
0.000128008
0
0.000128008
0.000192012
0.000128008
0.000128008
0
6.40041e-05
6.40041e-05
6.40041e-05
0
0.000128008
0.000512033
6.40041e-05
0
0
6.40041e-05
6.40041e-05
0
6.40041e-05
0
0.000128008
0.000128008
0.000128008
0.000192012
0
0
0
0
0.000384025
0
6.40041e-05
0.000192012
0.000128008
6.40041e-05
0
0
0
0
0
0
0.000128008
0
6.40041e-05
0.000128008
0
6.40041e-05
6.40041e-05
6.40041e-05
0.000128008
6.40041e-05
0
0
0
0.000192012
0.000128008
0
0
0
9.01876e-05
0
0
0
0
0
0.000106428
0.000106428
0
0
0
0
0.000212857
0.000106428
0
0
0
0.000106428
0
0
0
0
0
0.000106428
0.000425713
0
0
0.000425713
0
0
0
0
0.000106428
0
0.000106428
0.000106428
0
0
0.000106428
0
0.000212857
0.000106428
0
0.000319285
0.000106428
0
0
0
0
0.000106428
0
0
0.000106428
0
0.000106428
0
0
0
0.000112461
0.000532141
0.000212857
0.000106428
0
0
0
0.000106428
0.000212857
0.000106428
0.000106428
0
0
0
0
0.000106428
0.000212857
0
0
0.000106428
0
0
0.000319285
0.000106428
0.000106428
0
0.000106428
0.000106428
0
0
0
0
0
0.000425713
0
0
0.000106428
0.000212857
0
0
0
0
0
0.000106428
0
0.000106428
0.000106428
0
0
0
0
0
0
0
0
0
0.000106428
0.000212857
0.000106428
0.000212857
0.000106428
0.000212857
0.000212857
0
0
0.000106428
0.000106428
0
0
0
0
0
0.000106428
0
0.000106428
0
0
0
0
0
0.000106428
0.000319285
0
0.000106428
0
0
0.000212857
0
0
0.000106428
0
0.000106428
0
0.000106428
0
0.000212857
0
0.000106428
0.000106428
0
0.000212857
0
0.000106428
0
0
0
0
0.000106428
0.000106428
0
0
0.000106428
0.000224921
0
0.000106428
0
0.000106428
0
0
0
0.000106428
0
0
0.000106428
0.000106428
0.000112461
0.000106428
0
0.000112461
0.000106428
0
0.000106428
0.000106428
0.000106428
0
0.000212857
0
0.000106428
0.000319285
0
0.000106428
0
0.000212857
0
0.000106428
0.000106428
0.000212857
0
0
0
0
0
0
0
0
0
0
0
0.000224921
0.000224921
0
0
0.000106428
0
0
0
0
0
0.000106428
0.000106428
0
0.000106428
0
0.000212857
0
0
0
0
0
0
0
0.000212857
0
0
0.000212857
0.000212857
0
0.000106428
0
0
0
0
0
0.000425713
0
0.000212857
0.000106428
0
0.000224921
0.000106428
0.000212857
0
0
9.86777e-05
0
0
5.38329e-05
0.000107666
0
0
0
0.000215332
0.000107666
0
0
0
0.000107666
5.38329e-05
0
0
5.38329e-05
5.38329e-05
0
0.000161499
0
0
0
0
0.000107666
0
0
0
5.38329e-05
0
0
5.38329e-05
0
0
0
0
5.38329e-05
0
5.38329e-05
0
0
0.000269165
5.38329e-05
0
0
0
0
0.000161499
0
0.000107666
0
0.000107666
5.38329e-05
0
5.38329e-05
0.000215332
5.38329e-05
5.38329e-05
0.000161499
0.000215332
0
0.000269165
0.000484496
0
5.38329e-05
0
0
0
0.000107666
0.000215332
0
5.38329e-05
5.38329e-05
0
0.000269165
0
5.38329e-05
5.38329e-05
0.000107666
0
0
0.000161499
0
0
5.38329e-05
0
0
0.000161499
0.000107666
0
0
0
0
0
5.38329e-05
5.38329e-05
0
0
0
0
0
0.000107666
0
5.38329e-05
0.000322997
0
0
0
0.000107666
5.38329e-05
0
0.000107666
0
5.38329e-05
0.000107666
5.38329e-05
0
0
0
0.000161499
0.000215332
0
0
0
5.38329e-05
0.000161499
0
0
0.000107666
0
5.38329e-05
0
0
0.000161499
0.00037683
0
0.000322997
0.000107666
0
5.38329e-05
0.000107666
0.000107666
0.000107666
0.000161499
0
0.000107666
5.38329e-05
0
5.38329e-05
0
0
0.000107666
0
0.000215332
5.38329e-05
0
0
0.000107666
0
5.38329e-05
0
0
0
0
0
0.000107666
5.38329e-05
5.38329e-05
0.000161499
5.38329e-05
0.000161499
0.000107666
0.000215332
0
5.38329e-05
0.000161499
0
0.000107666
0.000161499
0
0.000161499
0.000107666
0
0
0
5.38329e-05
0.000107666
0.000215332
0
0.000107666
0
0.000322997
0.000107666
0
0
0.000161499
0.000107666
0
5.38329e-05
0.000107666
0
0
0
0.000161499
0
5.38329e-05
0
5.38329e-05
0
5.38329e-05
0
0
0
0
0.000107666
5.38329e-05
0
0
0.000107666
5.38329e-05
0
0.000107666
0
0.000107666
0.000161499
0.000269165
0.000107666
0
5.38329e-05
0.000107666
5.38329e-05
0.000161499
0.000269165
5.38329e-05
0.000269165
0
0.000215332
0
0
0
5.38329e-05
5.38329e-05
5.38329e-05
0.000161499
0.000269165
0.000161499
5.38329e-05
0
0.000161499
0
5.38329e-05
0
0
0.000107666
5.38329e-05
0
0
0
5.38329e-05
0
0
0.000107666
5.38329e-05
0.000107666
0.000107666
0
0.000215332
5.38329e-05
0.000107666
0
5.38329e-05
0
0
0
0
0
0
0
0
0.000107666
0
0.000215332
0
0
0
0.000161499
0
5.38329e-05
5.38329e-05
5.38329e-05
0.000107666
0.000107666
5.38329e-05
0.00037683
0
5.38329e-05
5.38329e-05
0
0.000107666
0
0.000161499
0.000107666
0.000107666
5.38329e-05
0
0.000161499
0
0
0.000107666
0
0
5.38329e-05
0
0
0
0.000161499
0
0
0.000215332
0
0
0.000161499
0
5.38329e-05
0.00037683
0
0
0
0
0
0
0.000107666
5.38329e-05
0.000107666
0.000161499
5.38329e-05
0
5.43596e-05
0
0.000215332
0
0.00037683
0
0
0
0
5.38329e-05
5.38329e-05
0.00037683
0.000269165
5.38329e-05
0
0
0
0
5.38329e-05
0.000215332
0
0
0
0.000161499
0
0.000161499
0
0
0.000107666
0.000161499
5.38329e-05
0
0.000161499
0.000269165
5.38329e-05
0
0
0
5.38329e-05
0
0.000161499
0
0.000107666
0.000215332
0
0
0.000107666
0
0
0
0
0.000107666
5.38329e-05
0
0
5.38329e-05
0.000107666
0.000322997
0
5.38329e-05
0
0
0.000107666
0
0
0
5.38329e-05
0
0.000269165
0
0
0.000107666
0.000161499
0.000322997
0
5.38329e-05
0.000107666
0
0
0
0
5.38329e-05
0
0
0
0
0
5.38329e-05
0.000215332
5.38329e-05
0
0
0
0
0.000161499
0.000161499
0
0.000107666
5.38329e-05
0.000107666
0
0
5.38329e-05
0.000107666
0.000107666
0
5.38329e-05
0
0
0
0
0.000107666
0
5.38329e-05
0
5.38329e-05
0
0
0
0
0.000107666
5.38329e-05
0
0
0
0.000107666
5.38329e-05
0.000215332
0.00037683
5.38329e-05
0.000107666
0
0
0
0
0
0
0
0
0.000107666
0
5.38329e-05
5.38329e-05
0.000107666
0
0
0
0
0.000107666
0
0
0
0.000107666
0
0
5.38329e-05
0.000269165
5.38329e-05
0.000107666
5.38329e-05
5.38329e-05
5.38329e-05
0
0
0
0
0
5.38329e-05
5.38329e-05
0
0
0
0
0
0
0.000107666
5.38329e-05
0
6.90989e-05
0.000156495
0
0
0
0
0
0
0
0
0
0
0
0.000156495
7.82473e-05
7.82473e-05
0.000156495
0
7.82473e-05
7.82473e-05
7.82473e-05
0.000156495
0
0
0
0.000156495
0
0
0
0
0
0
0.000156495
0.000156495
0.000156495
0.000234742
0
0
0.000234742
7.82473e-05
0
0
7.82473e-05
0
0
8.05153e-05
0
0
7.82473e-05
0.000156495
0
0
0
7.82473e-05
7.82473e-05
7.82473e-05
0.000156495
0
7.82473e-05
0
0
7.82473e-05
0
0
7.82473e-05
0
0
0
0
0
0.000156495
0
0
7.82473e-05
0
0
7.82473e-05
0
0
7.82473e-05
7.82473e-05
0
0
7.82473e-05
7.82473e-05
0
0
0
7.82473e-05
0
7.82473e-05
7.82473e-05
7.82473e-05
7.82473e-05
0
0
0
7.82473e-05
7.82473e-05
0.000156495
0
0
7.82473e-05
0
0
7.82473e-05
0
0
0
7.82473e-05
0
0
0
7.82473e-05
0.000156495
0.000234742
0
0.000156495
7.82473e-05
0.000234742
0
7.82473e-05
0
0
0
0
0
0
0
7.82473e-05
0
7.82473e-05
0
7.82473e-05
7.82473e-05
7.82473e-05
7.82473e-05
0
8.05153e-05
0.000234742
7.82473e-05
0
0
7.82473e-05
0
0
0
0
0
0
0
0.000156495
0
0
0
0
7.82473e-05
0
0
7.82473e-05
7.82473e-05
0.000234742
0
7.82473e-05
0
7.82473e-05
0
0
0
7.82473e-05
0
0
0
7.82473e-05
0
0
7.82473e-05
0
0
0
7.82473e-05
0.000234742
0
0.000161031
0
0
0
0
7.82473e-05
7.82473e-05
0
7.82473e-05
0
7.82473e-05
0
0
0.000156495
0
7.82473e-05
0.000156495
0
0
0
7.82473e-05
0
0.000156495
7.82473e-05
0
7.82473e-05
7.82473e-05
0.000156495
7.82473e-05
0
0
0
0
0
0.000156495
0
0
0
0
0
0
0
0
7.82473e-05
8.05153e-05
0
7.82473e-05
7.82473e-05
7.82473e-05
0
7.82473e-05
7.82473e-05
7.82473e-05
0.000156495
7.82473e-05
0
0.000156495
0
0
0
0
0
0
0
0
0
0
0
7.82473e-05
0
7.82473e-05
0.000156495
0.000156495
0.000234742
0
0.000234742
0
0
0
0
0
7.82473e-05
0
7.82473e-05
0
7.82473e-05
0
0
0
7.82473e-05
0
7.82473e-05
0
7.82473e-05
7.82473e-05
0
0
0
0
0
0.000156495
0
0
0
0
0
0
7.82473e-05
0
0
0.000156495
0
0
0
0
0
0
0
0
0.000234742
7.82473e-05
0
0
0
0
0
0
0
0
7.82473e-05
0
0
0
0
0.000156495
0
0
0
7.82473e-05
0
0
0
7.82473e-05
0
0
0
0
7.82473e-05
0
0
0
7.82473e-05
7.82473e-05
7.82473e-05
0
0
0
7.82473e-05
7.82473e-05
0.000156495
0
0
0
0
0.000156495
0
0
7.82473e-05
0
0.000156495
0
0.000169377
0.000169377
0
0.000169377
0.000169377
0
0.000338753
0.000338753
0.000169377
0
0.00050813
0
0
0.000338753
0
0.000169377
0
0
0
0
0.000169377
0
0.00050813
0.000338753
0.00050813
0.000169377
0
0
0
0.000169377
0
0
0.000174703
0
0.000169377
0
0
0
0.000174703
0.000338753
0
0
0
0.000677507
0
0.000169377
0
0.000169377
0.000169377
0.000169377
0
0.000169377
0
0
0
0
0
0
0
0.000169377
0
0
0.000846884
0.000169377
0.000338753
0
0.000338753
0.000169377
0
0.00050813
0
0
0
0.000338753
0.000169377
0
0
0.000338753
0.00050813
0
0
0
0.00050813
0.00050813
0.000169377
0
0
0.000169377
0
0.000169377
0
0.000169377
0
0
0
0
0
0
0.00050813
0.000169377
0.000169377
0.000338753
0
0
0
0.000677507
0.000169377
0.00050813
0.000338753
0.000338753
0
0
0
0.00101626
0
0
0.000338753
0
0.000169377
0
0.000169377
0
0
0.000338753
0.000169377
0.000524109
0.000169377
0.000169377
0.00016835
0.000338753
0
0
0
0.00050813
0.000169377
0.00050813
0
0
0.000169377
0.000169377
0.00101626
0.000169377
0
0.000174703
0
0.000338753
0.000338753
0
0
0
0
0.000338753
0.000169377
0.000169377
0
0
0
0.000169377
0.00050813
0
0
0.000174703
0.000169377
0.000393082
0
0
0
0.000138198
0
0
0
0
0.000138198
0
0
0
0
0
0
0
0.000138198
0.000138198
0
0
0
0
0
0
0.000276396
0
0.000276396
0
0.000138198
0
0
0.000138198
0
0
0
0
0
0
0
0
0
0
0
0
0
0
0.000138198
0.000138198
0
0
0
0
0
0
0
0
0.000138198
0.000138198
0
0.000138198
0
0
0
0
0.000138198
0
0
0
0
0
0
0
0
0
0
0
0
0
0
0
0.000138198
0
0
0
0
0
0
0
0.000138198
0
0
0
0
0
0
0.000138198
0
0
0
0
0
0
0
0.000138198
0.000138198
0
0
0
0
0
0
0
0
0
0
0.000138198
0.000138198
0
0
0
0
0.000138198
0
0
0
0
0
0
0
0.000138198
0.000138198
0
0.000138198
0
0
0
0
0
0.000138198
0
0
0.000138198
0
0
0
0.000276396
0
0
0
0
0
0
0
0
0.000138198
0
0
0
0
0.000138198
0
0
0
0
0
0.000138198
0.000138198
0
0.000138198
0
0
0
0.000138198
0.000276396
0
0
0
0.000138198
0
0
0.000138198
0
0
0
0
0
0
0
0
0
0
0
0
0
0.000138198
0
0
0
0
0
0.000112007
0.000163079
0.000239464
0
5.98659e-05
5.98659e-05
0.000179598
0
0.000179598
0.000179598
0
0
0
0
0.000179598
5.98659e-05
0.000119732
0
5.98659e-05
0.000179598
5.98659e-05
0
0
5.98659e-05
5.98659e-05
5.98659e-05
0
5.98659e-05
0.000119732
5.98659e-05
5.98659e-05
5.98659e-05
0
0.000179598
0
5.98659e-05
0
0.000239464
0
0.000179598
0.000119732
0.000119732
0
5.98659e-05
0
0.000119732
0
0
0
0
0
0
0
0.000179598
5.98659e-05
0.000179598
0
0
0
0
0
0
0
0
0
0
0.000179598
0
5.98659e-05
0
5.98659e-05
5.98659e-05
0
6.32751e-05
0
0
0
0
6.32751e-05
0
0
0
5.98659e-05
0.000179598
0
0.000239464
0.000119732
0.000316376
0
0
0
0
5.98659e-05
0
0
0.000239464
0
6.32751e-05
0
0
0.000179598
5.98659e-05
0
0.000239464
5.98659e-05
0
0.000179598
0
5.98659e-05
0.000119732
5.98659e-05
0
0
0
0
0
0.000119732
5.98659e-05
5.98659e-05
0
0
5.98659e-05
0.000119732
0
5.98659e-05
0
0
0
0
0.000119732
0
0.000119732
5.98659e-05
5.98659e-05
0
0
0
0.000119732
0
0
5.98659e-05
0
0
0.000119732
5.98659e-05
0
0.000119732
0.000119732
0
0
0.000179598
0.000119732
0.000119732
0
0
5.98659e-05
0
0
0.000189825
0.00012655
5.98659e-05
0.000179598
0
5.98659e-05
0
5.98659e-05
5.98659e-05
0
0
0
0
0.000119732
5.98659e-05
5.98659e-05
0
0
0
5.98659e-05
0
0.000119732
5.98659e-05
0.000119732
0.00029933
5.98659e-05
0.000179598
5.98659e-05
0.000179598
0.000419061
0
5.98659e-05
0
5.98659e-05
0.000119732
0
0
6.32751e-05
0
5.98659e-05
5.98659e-05
0
0.000179598
0.000538793
0
5.98659e-05
5.98659e-05
0
5.98659e-05
5.98659e-05
5.98659e-05
0.0002531
0.000179598
5.98659e-05
0
0
0
5.98659e-05
5.98659e-05
0.000239464
5.98659e-05
0
0
0.000119732
0
0
5.98659e-05
0
0
5.98659e-05
0
5.98659e-05
5.98659e-05
0
0
0.000119732
0.000119732
0
0.000119732
0
0
0
0
6.32751e-05
0.000119732
0
0
5.98659e-05
0
0
0.000119732
5.98659e-05
0
0.000119732
6.32751e-05
0
0
0
0
0
0
0
0
0.000119732
0
0
0
5.98659e-05
0
0.000239464
0
0.000179598
0
0
0
0.000119732
0.000119732
0
0
0
0
0.000119732
0
0
0.000119732
0
0
0
0.000119732
0
5.98659e-05
5.98659e-05
5.98659e-05
5.98659e-05
0.000239464
0.000179598
0
0
0
5.98659e-05
0
0.000239464
0
5.98659e-05
0
0
5.98659e-05
0.000239464
0.000419061
5.98659e-05
5.98659e-05
5.98659e-05
0.000179598
0
0
0
0.000239464
0
0
5.98659e-05
5.98659e-05
5.98659e-05
5.98659e-05
0.000359195
5.98659e-05
5.98659e-05
0.000239464
5.98659e-05
0
0
0
0.000179598
0
5.98659e-05
0
0
0.000119732
0.000179598
0
0
0
0
0
0
0.000119732
0.000179598
5.98659e-05
0
0
0.000179598
5.98659e-05
5.98659e-05
0
5.98659e-05
0.000119732
0
0
0.00012655
0
0.000119732
0.000119732
0.000119732
0
0
0
0.000239464
0
0.000239464
0.000119732
0.000179598
0
0
0
0.000119732
5.98659e-05
0.000179598
0
0
5.98659e-05
0
0.000179598
0
0
5.98659e-05
0
0
0.000119732
0
0
0
0
0.000179598
0
0
0.000119732
0.000179598
0.000179598
5.98659e-05
0
0
0
0
5.98659e-05
6.32751e-05
0.000179598
0.000119732
0
0
0
5.98659e-05
0.000478927
0.000119732
0.000119732
0
0.000179598
0.000179598
0
5.98659e-05
5.98659e-05
0.000179598
0
5.98659e-05
0
0.00029933
0
0
0
0
5.98659e-05
0.00029933
0
0.000239464
0
0
0
0.000119732
0
0
0
0.000179598
0
0.000119732
0
0.000189825
0
0.000179598
0
0.000119732
0
0.00029933
0
0
0.000119732
0
5.98659e-05
0
0
0
0
0
5.98659e-05
0.00029933
0.000179598
0
5.98659e-05
5.98659e-05
0
0.000249501
0
0
0
0.000166334
0
0.000332668
8.3167e-05
0
0
0.000166334
0.000166334
0
0.000166334
0
0
0
8.3167e-05
0
0
0
0.000166334
0
8.3167e-05
0.000415835
8.3167e-05
0
0.000166334
8.3167e-05
8.3167e-05
0
0
0
8.3167e-05
0.000249501
0
0
0
0
8.3167e-05
0.000257998
0
8.3167e-05
0.000249501
0.000166334
8.3167e-05
0
0
0.000249501
0
0
0
0
0
0
0.000166334
8.3167e-05
0
0
8.3167e-05
0
0
0
0
8.3167e-05
0.000249501
0.000171999
0
0
0
0.000332668
8.3167e-05
0
0
0
0
8.3167e-05
0
0
0.000166334
0
0
0
0
0.000166334
8.3167e-05
8.3167e-05
0
0
8.3167e-05
0
8.3167e-05
8.3167e-05
0
0
0
0
0
0
8.3167e-05
8.3167e-05
0
0
0
8.3167e-05
0
0.000166334
0.000166334
8.3167e-05
8.3167e-05
0
0
0
8.3167e-05
0
8.3167e-05
0
0
0
0
0
0
8.3167e-05
0
0
0
0
8.3167e-05
8.3167e-05
0
0.000166334
0.000332668
0
8.3167e-05
0
8.59993e-05
0
0
0.000249501
0
0.000166334
0
0
0
8.3167e-05
8.3167e-05
8.3167e-05
0
8.3167e-05
8.3167e-05
0
0
0
0.000166334
8.3167e-05
0
8.3167e-05
0
0
0
0
0
0
0.000249501
0
0
0
0
0.000249501
8.3167e-05
8.3167e-05
0
0
8.3167e-05
0.000166334
0
8.3167e-05
0
0
0
0
0
8.3167e-05
0
0
0
8.3167e-05
0
0
0
8.3167e-05
0
0
0
0
8.3167e-05
0
0
0
8.3167e-05
0
0
0.000166334
8.3167e-05
0
0
0.000166334
0
0
0.000415835
8.3167e-05
0.000166334
0
8.3167e-05
0.000166334
0
0
0
0
0
0
0.000166334
0
0.000332668
0
0
0.000166334
0.000166334
0
0.000166334
0
0
8.3167e-05
8.3167e-05
0
0.000332668
8.3167e-05
0.000249501
0
0
0
0.000166334
8.3167e-05
8.3167e-05
8.3167e-05
8.3167e-05
0.000249501
0
0
0.000166334
8.3167e-05
0
0
8.3167e-05
0
8.3167e-05
0
0
0.000166334
0
8.3167e-05
0
0.000332668
0.000166334
8.3167e-05
8.59993e-05
0
0
8.3167e-05
0
8.3167e-05
0.000166334
8.3167e-05
0
0
8.3167e-05
0
0.000166334
8.3167e-05
8.3167e-05
8.3167e-05
8.3167e-05
8.3167e-05
0
0
8.3167e-05
0
0
8.3167e-05
8.3167e-05
0
0
0
0.000166334
8.3167e-05
0
0
0
8.3167e-05
0
8.3167e-05
0.000166334
0
0
0.000249501
8.3167e-05
0
8.3167e-05
0
0
0
0
0
8.3167e-05
0.000249501
0.000249501
0
0
8.3167e-05
0
8.3167e-05
0.000415835
0
0
8.3167e-05
0
0
0
0
0
0.000332668
8.3167e-05
0
6.66134e-05
7.50751e-05
0
0
0
0
7.50751e-05
0
0
0
0
0
7.50751e-05
0.00015015
0
0
0
0
0
0
7.50751e-05
0
7.50751e-05
0
0
7.50751e-05
7.50751e-05
0.00015015
0
0
0
0
0
0.00015015
0
0.00015015
7.50751e-05
0
0
0.000375375
0
0.0003003
0
0
7.50751e-05
7.50751e-05
0
0
0
0
0
0
7.50751e-05
0
0
7.50751e-05
0
7.50751e-05
0.00015015
7.50751e-05
0
0
0
0.00015015
0.00015015
7.50751e-05
0
0
0
7.50751e-05
0
0
7.50751e-05
7.50751e-05
7.50751e-05
0
0
0
0
0
0
0
0
7.50751e-05
0.0003003
7.50751e-05
7.50751e-05
0
7.50751e-05
7.50751e-05
7.50751e-05
0
7.50751e-05
0
0
0
0
0
0
0
7.50751e-05
0
0
0.00015015
0
0
7.50751e-05
0
0
7.50751e-05
0
0
0
7.50751e-05
0
0
0
0
0
7.50751e-05
0
0
0
0
0
0.00015015
0
7.50751e-05
0
7.50751e-05
0
0
7.50751e-05
7.50751e-05
0
0.0003003
0
0.00015015
7.50751e-05
7.50751e-05
0
7.50751e-05
0
0
0
0
0
0
7.50751e-05
7.50751e-05
7.50751e-05
0
7.78089e-05
0
0
0
0
7.50751e-05
0
0
0
0
0
7.50751e-05
0
0
0
0
0
7.50751e-05
7.50751e-05
7.50751e-05
7.50751e-05
0
7.50751e-05
0
0
7.50751e-05
0
0
0
0
0
0
0.00015015
0
0
0
7.50751e-05
7.50751e-05
0
0.00015015
0
0
0
7.50751e-05
0.00015015
7.50751e-05
7.50751e-05
7.50751e-05
0
7.50751e-05
0
0
0.00015015
0
7.50751e-05
0
0
0
7.50751e-05
0
0
0
7.50751e-05
0
0
0
0.00015015
7.50751e-05
0
7.78089e-05
0
7.50751e-05
7.50751e-05
0
0
0
0.000225225
0
0
0.00015015
0
0.00015015
7.50751e-05
0
7.50751e-05
0
0
7.50751e-05
7.78089e-05
0
7.50751e-05
7.50751e-05
0
0
7.50751e-05
0.00015015
0
0
0
0
0
0
0
7.50751e-05
7.50751e-05
0
0
0
0
0
0
0
0
0
7.50751e-05
0
0.00015015
0
7.50751e-05
0
0.00015015
0
0
0
0
0
0
7.50751e-05
0
0
0
0
0
7.50751e-05
0
0
0
7.50751e-05
0
0
0
0
7.50751e-05
0
7.50751e-05
0
0
0
0
7.50751e-05
7.50751e-05
0
0
0.000375375
7.50751e-05
0
0
0
0
0
0
0
0
7.50751e-05
0
0
0
0
7.50751e-05
0
7.50751e-05
0.000225225
0.00015015
0
7.50751e-05
0
0
0
0
0
0.00015015
7.50751e-05
7.50751e-05
0
0.00045045
7.78089e-05
0
0
7.50751e-05
0
7.50751e-05
0
0
0
0
0
0
0
0
0
0
0
0
0
0.0003003
0
0
0
0
0
0
0
7.50751e-05
0
0
0.00015015
0
7.50751e-05
0
0
7.34862e-05
7.34862e-05
0
0
7.34862e-05
0
0
0.000146972
0
0
0
0
0
0.000220459
0
0
7.34862e-05
7.34862e-05
0
0
7.34862e-05
0.000146972
7.34862e-05
0
0.000293945
0
0
0.000146972
7.34862e-05
0
7.34862e-05
7.34862e-05
0.000293945
0
0.000146972
0
0
7.34862e-05
0.000220459
0
7.34862e-05
0.000293945
0.000146972
0.000146972
0.000146972
0
0.000146972
0
0
0.000220459
0
0
0
0
7.34862e-05
7.34862e-05
0
0
0
0.000220459
0
7.34862e-05
7.34862e-05
0
0.000220459
0
0.000293945
0
0.000146972
0
7.34862e-05
7.34862e-05
0
0
0
0.000146972
0
0.000293945
0.000146972
7.34862e-05
0.000146972
7.34862e-05
0.000146972
0.000220459
0.000146972
0
0
0
0
0
0
0.000146972
0
7.34862e-05
7.34862e-05
0
0
0
0
0.000220459
0.000146972
0
0.000146972
0.000440917
0.000146972
0
7.34862e-05
0
0
0
7.34862e-05
0
0
0
7.34862e-05
0
0
0
0
0.000146972
0
0
7.34862e-05
0
0.000146972
0
0
7.34862e-05
7.34862e-05
0
0.000146972
0.000146972
7.34862e-05
0
0
0
0
0
0
0
7.34862e-05
0.000220459
7.34862e-05
0
0
0
7.34862e-05
0.000220459
0.000146972
0
0
0
0.000293945
0
0
0
0.000220459
0.000146972
0.000146972
7.34862e-05
0.000367431
0
0
0
0
0
0
7.34862e-05
0
0
0
0.000293945
0.000146972
0
0
0
7.34862e-05
7.34862e-05
0
0.000220459
0
0
0.000146972
0.000293945
0
0
0.000220459
0
7.34862e-05
0
0
0
7.34862e-05
0.000661376
0
0
0
0.000146972
0.000146972
0
7.34862e-05
7.34862e-05
0
7.34862e-05
0
0
0.000220459
7.34862e-05
0.000146972
0
0
0.000220459
0
7.34862e-05
7.34862e-05
0
0.000367431
0.000146972
0
0
0
0.000146972
0
0
7.34862e-05
0.000367431
0.000220459
0
7.34862e-05
0.000146972
0
7.34862e-05
0
7.34862e-05
0.000146972
7.34862e-05
0
0.000293945
0
0
0.000293945
0.000220459
7.34862e-05
0
0
7.34862e-05
0
0.000146972
0.000220459
0
7.34862e-05
0
0
7.34862e-05
0
0
0
0.000146972
0
7.34862e-05
0.000220459
7.34862e-05
0.000146972
0
0
0
0.000220459
0.000146972
0
0.000293945
0.000293945
7.34862e-05
7.34862e-05
0
0
0
7.34862e-05
0
0.000146972
0
7.34862e-05
7.34862e-05
0
0.000146972
7.34862e-05
0
0.000220459
0
0
0
0.000293945
0
0
0
7.34862e-05
7.34862e-05
7.34862e-05
0
0.000220459
0
0
7.34862e-05
0
7.34862e-05
0
0
0
0
0.000146972
0
0
7.34862e-05
0
0
0
0
0
0.000220459
0
0
0
0
7.34862e-05
0
0
0.000146972
0
0.000146972
0.000146972
0.000146972
7.34862e-05
0
0.000146972
0.000146972
0
0.000293945
0.000146972
0
0.000146972
0.000220459
0
7.34862e-05
0
0.000220459
7.34862e-05
7.34862e-05
0
0
0.000146972
0
0.000146972
0
0
0
0.000293945
0.000367431
0
0
0
0
0.000220459
0
0
0
0
7.34862e-05
0
0
0
0
0.000220459
0
7.34862e-05
0
0
0.000293945
0
0
0
7.42721e-05
0
7.42721e-05
0
0
0
7.42721e-05
0
7.42721e-05
7.42721e-05
0
0
0
0
0
0.000222816
0
0
7.42721e-05
7.42721e-05
0
0
0
0
7.42721e-05
7.42721e-05
0
0
8.12216e-05
0
0
0
0
0
0
7.42721e-05
0
0.000148544
8.12216e-05
7.42721e-05
7.42721e-05
0
7.42721e-05
0
0
7.42721e-05
0
7.42721e-05
0
0
0
0
0
0
0
0.000162443
0
0
0.000148544
0.000162443
7.42721e-05
0
7.42721e-05
0
0
0
7.42721e-05
0
0
0
0
0
0
0
7.42721e-05
0
8.12216e-05
0
0.000148544
0
0
7.42721e-05
0
0
0
0
0
0
0.000222816
0
0
0
0
0
0
0
0
0
7.42721e-05
0
0
0
0
0
0.000148544
0
0.000297089
0
0
7.42721e-05
7.42721e-05
0
0
7.42721e-05
7.42721e-05
0.000222816
0
0
0
7.42721e-05
0
0
0
7.42721e-05
7.42721e-05
0
7.42721e-05
0
7.42721e-05
0
7.42721e-05
0
0
0
7.42721e-05
0.000162443
0
0
0
0
0
0.000148544
0
0
7.42721e-05
0
7.42721e-05
0
0
7.42721e-05
0.000148544
0
0
0
0
0
0
0
0
0
0
0
0
0
0
0
0
7.42721e-05
0
7.42721e-05
0
0.000222816
0
0
0
7.42721e-05
0
0
0
7.42721e-05
0
0
7.42721e-05
0
0
0
0
0
0
0
0
0
0
0
0
0
0
7.42721e-05
0
7.42721e-05
0
0
0
0
0
0
0
0
0
0
0
0
7.42721e-05
0
0
0
0
0
0
0
0.000243665
7.42721e-05
7.42721e-05
0
0
0
0
0
0
0
0.000148544
0
7.42721e-05
7.42721e-05
0
7.42721e-05
0
0
0
0
0.000148544
0
7.42721e-05
0
0
0
0
0
0
0.000148544
0
7.42721e-05
0
0
0
0
7.42721e-05
0.000222816
7.42721e-05
0.000243665
0
0
0
0.000148544
0
0
0
0
7.42721e-05
0
7.42721e-05
7.42721e-05
0
0
0
7.42721e-05
0
0
0
0
0
0.000148544
0
0
0
0
7.42721e-05
0
0
0
7.42721e-05
0.000148544
0.000148544
0.000148544
0
0.000148544
8.12216e-05
7.42721e-05
0
0
0
7.42721e-05
7.42721e-05
0
0
0
0
7.42721e-05
0
0
7.42721e-05
0
7.42721e-05
0
7.42721e-05
0
0
0
0.000148544
0
0
0
7.42721e-05
0
0
0
0
7.42721e-05
7.42721e-05
0
0
7.42721e-05
0
0
0
0.000162443
0
0
0
0
0
7.42721e-05
7.42721e-05
7.42721e-05
8.12216e-05
0
0
7.42721e-05
0
7.42721e-05
0
7.42721e-05
0
0.000148544
0
7.42721e-05
0
0
7.42721e-05
0
0
0.000297089
0
0
7.42721e-05
0
7.42721e-05
0
0
7.42721e-05
0.000148544
7.42721e-05
0
0
0
0.000534188
0
0
0
0
0
0.000487329
0
0
0
0
0
0
0
0
0
0
0
0
0.000487329
0
0
0
0
0.000974659
0
0
0
0
0
0
0
0
0
0
0
0
0
0
0
0
0
0.000487329
0
0
0
0
0
0
0
0
0
0
0
0
0
0.000263922
0.000200803
0
0.000131961
0.000263922
0.000131961
0
0
0.000329902
6.59805e-05
0
0
0
0
6.59805e-05
0
6.59805e-05
0.000131961
0.000131961
0.000197941
0
0.000197941
6.59805e-05
0
0.000197941
0.000131961
0
0.000197941
0.000131961
6.59805e-05
6.59805e-05
6.59805e-05
6.59805e-05
0.000263922
0
0
0
6.59805e-05
0
0.000131961
0
6.59805e-05
0.000329902
0.000131961
0
6.59805e-05
0
0.000131961
0
6.59805e-05
0
0.000131961
0.000197941
0
0
0
0
0
0
0
0
0
0
0.000131961
0.000263922
0.000263922
0
6.59805e-05
0
0
0
0
0.000197941
0.000131961
0
0
0.000131961
0
0
0
0.000131961
0
0.000131961
6.59805e-05
0.000131961
0
6.59805e-05
0.000329902
6.59805e-05
6.59805e-05
0
0.000131961
6.59805e-05
0
6.59805e-05
6.59805e-05
0
0.000131961
0
0
6.59805e-05
6.59805e-05
0
6.59805e-05
0.000197941
6.59805e-05
6.59805e-05
6.59805e-05
6.59805e-05
0
0
0.000131961
0.000131961
6.59805e-05
0
0
0
6.59805e-05
0
0.000329902
6.59805e-05
0
0
0.000131961
0
0
0.000131961
0
0
0
0.000263922
0
6.59805e-05
0
0
0.000197941
0.000197941
6.59805e-05
0
0.000329902
0
0.000131961
0
6.59805e-05
0.000197941
0
0.000131961
0
0
0
0
0
0
6.59805e-05
0.000131961
0
0.000329902
0
0.000197941
0.000133869
0.000131961
0
6.59805e-05
0
0
0
6.59805e-05
6.59805e-05
6.59805e-05
0
0
0
0.000197941
0.000131961
0
6.59805e-05
0.000197941
6.59805e-05
6.59805e-05
0.000395883
0
0.000131961
0
0
0.000197941
0
0.000197941
0
0
0
0.000131961
0.000197941
0
6.59805e-05
6.59805e-05
0.000197941
6.59805e-05
0.000263922
0.000131961
0
0.000131961
0
0
6.59805e-05
0.000131961
6.59805e-05
0.000131961
0
6.59805e-05
0.000329902
0.000131961
0
0.000131961
6.59805e-05
0
0
0
0
0.000197941
0
0.000263922
0.000131961
0
0
0
0.000131961
6.59805e-05
0.000263922
0.000197941
0
6.59805e-05
0.000131961
0.000131961
0.000131961
0
0
0.000131961
6.59805e-05
0
0.000197941
0.000197941
6.59805e-05
6.59805e-05
0
0.000131961
0.000131961
6.59805e-05
0.000197941
0
0.000263922
6.59805e-05
0
0.000395883
0
0
0
0
0
6.59805e-05
0
0.000197941
0.000131961
6.59805e-05
6.59805e-05
0.000263922
0.000131961
0
0
0
0
0.000197941
0
0.000395883
6.59805e-05
6.59805e-05
0
0
0
0
0
0
0
0
0
0.000131961
0
0.000197941
0
0.000263922
6.59805e-05
0
0.000131961
6.59805e-05
0.000131961
0.000263922
0
0
0.000131961
0
0.000197941
0.000197941
0
0.000197941
0
0
0
0
0.000131961
0.000197941
0
0.000131961
0
0
0
0
0
0.000263922
6.59805e-05
6.59805e-05
0.000263922
0
6.59805e-05
0.000329902
0
0.000131961
0
0.000131961
0
6.59805e-05
0.000263922
0.000395883
0.000131961
0
0.000131961
6.59805e-05
6.59805e-05
0
0.000131961
0
0.000131961
6.59805e-05
0
0.000131961
0
0
0
0
0
6.59805e-05
0
0
6.59805e-05
0
0
6.59805e-05
0.000197941
0.000131961
0
0
0.000197941
0.000197941
0
0.000197941
0
0.000131961
0
0
6.59805e-05
6.59805e-05
0
0
0
0.000197941
0
6.59805e-05
0.000197941
0
0
0
0
0
0.000131961
0.000131961
0
0
0.000131961
6.59805e-05
0
0
6.59805e-05
0
0
0
0
0
0
0
0.000197941
6.59805e-05
0
0
6.59805e-05
0.000197941
0
0
0
0
0
0
0
0
0
6.59805e-05
0
0
6.59805e-05
0.000131961
6.59805e-05
0.000197941
0
0
0
0
0
0
0
0
0
0
0
0
0
0
0
0
0
0
0
0
0
0
0
0
0
0
0
0
0
0
0
0
0
0
0
0
0
0
0
0
0
0
0
0
0
0
0
0
0
0
0
0
0
0
0
0
0
0
0
0
0
0
0
0
0
0
0
8.3668e-05
0
0.000192901
0
9.64506e-05
0
0
9.64506e-05
0
0
0
9.64506e-05
0
0.000385802
0
0.000385802
0
9.64506e-05
9.88533e-05
0.000385802
0
0
0
0
0.000192901
9.64506e-05
0
0
9.64506e-05
0
0
0.000192901
0
0
0
0
9.64506e-05
9.64506e-05
0
0
9.64506e-05
0
9.64506e-05
0
0.000192901
9.64506e-05
0
0
0
9.64506e-05
0.000192901
9.64506e-05
0
0
0
0.000289352
0
0
0
0
0
0.000192901
9.64506e-05
0
0
0
0
9.64506e-05
0
0
9.64506e-05
0
0
0
0
0
0.000385802
0.000289352
0
0
0
9.64506e-05
0.000385802
9.64506e-05
9.64506e-05
0.000289352
0
0
0
0
9.88533e-05
0
0
0
9.64506e-05
0.000192901
9.64506e-05
0.000192901
0
9.64506e-05
9.64506e-05
0
0.000192901
9.64506e-05
0
0
0
0
0.000289352
0.000192901
9.64506e-05
0
9.64506e-05
0
0
0
0.000192901
0
0
0
0
9.64506e-05
0
0
0.000289352
0.000192901
0
0
0.000289352
9.64506e-05
0
0
0
9.64506e-05
0
0.000289352
9.64506e-05
0
9.64506e-05
0
0.000192901
0
0
0
0
0.000192901
9.64506e-05
0
0.000385802
0.000192901
0
0
0
0
0
9.64506e-05
0
9.88533e-05
0
0
0.000289352
0
0
0
0
0
0
0
0
9.64506e-05
0.000192901
0.000192901
9.64506e-05
9.64506e-05
9.64506e-05
9.64506e-05
0
0
9.64506e-05
0.000192901
0
9.64506e-05
0.000192901
0
0.000192901
9.64506e-05
0
9.64506e-05
0
0
0.000192901
0
0
9.64506e-05
0.000289352
0
0
0
9.64506e-05
0.000192901
0.000385802
0
9.64506e-05
0.000289352
9.64506e-05
0
0
0
9.64506e-05
0
9.64506e-05
0
0.000192901
0
0
0
0
0.000192901
0
0
0
0
0
0.000192901
0.000289352
0
9.64506e-05
0.000482253
9.64506e-05
0
0
0
0.000192901
0
0.000192901
9.64506e-05
0
0
0
0
0
9.64506e-05
0
0
0
0
0
0
0
0.000192901
0
9.64506e-05
9.64506e-05
0
9.64506e-05
0
0
9.64506e-05
0
0
9.64506e-05
0.000192901
0
0
0
9.64506e-05
0
0
0
0
9.64506e-05
0
0.000482253
9.64506e-05
0
9.64506e-05
9.64506e-05
9.64506e-05
9.64506e-05
9.64506e-05
9.64506e-05
0
0
0.000192901
0
0
0
0
0
0
0
0.000291375
0.000286791
0
0
0
0
0
0
0
0
0
0
0
0
0
0
0
0
0
0
0
0
0
0
0
0
0
0
0
0
0
4.61425e-05
0
0
0
0.000166834
0
0
0
0
0
0
0
0
0
0
0
0
0
0
0
0
0
0
0
0
0
0
0
0
0
0
0
0
0
0
0
0
0
0
0
0
0
0
0
0
0
4.7081e-05
0
0
0
0
0
0
0
0
0
0
0
0
0
0
0
0
0
0
0
0
0
0
0
0
0
0
0
0
0
0
0
0
0
0
0
0
0
0
0
0
0
0
0
0
0
0
0
0
0
0
0
0
0
0
0
0
0
0
0
0
0
0
0
0
0
0
0
0
0
0
0
0
0
0
0
0
0
0.000578704
0
0.000578704
0
0
0
0
0
0.000152346
0
0
0
0
0
0
0
0.000272331
0
0
0
0
0
0
0
0
0
0
0
0
0
0
0
3.39997e-05
0
0
0
0
0
0
0
0
0
0
0
0
0
0
0
0
0
0
0
7.20981e-05
0.000293427
0
0
0
0
0
0
0
0
0
0
0
0
0
0
0
0
0
0
0
0
0
0
0
0
0
0
0
0
0
0
0
0
0
0
0
0.000163399
0
0
0
0
0
0
0.000245098
0
0
0
0
0
0
0
0
0
0
0
0
0
0
0
0
0
0
0
0
0
0
0
0
0
0
0
0
0
0
0
0
0
0
0
0
0
0
0
0
0
9.81547e-05
0
0
0
0
0
0
0
0
0
0
0
0
0
0
0
0
0
